<?xml version="1.0" encoding="UTF-8"?>
<testsuite xmlns:xsi="http://www.w3.org/2001/XMLSchema-instance" xsi:noNamespaceSchemaLocation="https://maven.apache.org/surefire/maven-surefire-plugin/xsd/surefire-test-report-3.0.xsd" version="3.0" name="com.nb.vocabularytbot.service.VocabularyServiceTest" time="0.252" tests="1" errors="0" skipped="0" failures="0">
  <properties>
    <property name="java.specification.version" value="17"/>
    <property name="sun.jnu.encoding" value="UTF-8"/>
    <property name="java.class.path" value="/Users/nickbarban/tutorspace/vocabulary-tbot/vocabulary-tbot/tbot/target/test-classes:/Users/nickbarban/tutorspace/vocabulary-tbot/vocabulary-tbot/tbot/target/classes:/Users/nickbarban/.m2/repository/io/micronaut/micronaut-runtime/3.10.1/micronaut-runtime-3.10.1.jar:/Users/nickbarban/.m2/repository/org/slf4j/slf4j-api/1.7.36/slf4j-api-1.7.36.jar:/Users/nickbarban/.m2/repository/io/micronaut/micronaut-http/3.10.1/micronaut-http-3.10.1.jar:/Users/nickbarban/.m2/repository/io/micronaut/micronaut-inject/3.10.1/micronaut-inject-3.10.1.jar:/Users/nickbarban/.m2/repository/javax/annotation/javax.annotation-api/1.3.2/javax.annotation-api-1.3.2.jar:/Users/nickbarban/.m2/repository/jakarta/inject/jakarta.inject-api/2.0.1/jakarta.inject-api-2.0.1.jar:/Users/nickbarban/.m2/repository/jakarta/annotation/jakarta.annotation-api/2.1.1/jakarta.annotation-api-2.1.1.jar:/Users/nickbarban/.m2/repository/io/micronaut/micronaut-core/3.10.1/micronaut-core-3.10.1.jar:/Users/nickbarban/.m2/repository/org/yaml/snakeyaml/2.0/snakeyaml-2.0.jar:/Users/nickbarban/.m2/repository/io/micronaut/micronaut-aop/3.10.1/micronaut-aop-3.10.1.jar:/Users/nickbarban/.m2/repository/io/micronaut/micronaut-context/3.10.1/micronaut-context-3.10.1.jar:/Users/nickbarban/.m2/repository/io/micronaut/micronaut-core-reactive/3.10.1/micronaut-core-reactive-3.10.1.jar:/Users/nickbarban/.m2/repository/org/reactivestreams/reactive-streams/1.0.4/reactive-streams-1.0.4.jar:/Users/nickbarban/.m2/repository/io/micronaut/micronaut-jackson-databind/3.10.1/micronaut-jackson-databind-3.10.1.jar:/Users/nickbarban/.m2/repository/io/micronaut/micronaut-jackson-core/3.10.1/micronaut-jackson-core-3.10.1.jar:/Users/nickbarban/.m2/repository/io/micronaut/micronaut-json-core/3.10.1/micronaut-json-core-3.10.1.jar:/Users/nickbarban/.m2/repository/com/fasterxml/jackson/datatype/jackson-datatype-jdk8/2.15.0/jackson-datatype-jdk8-2.15.0.jar:/Users/nickbarban/.m2/repository/com/fasterxml/jackson/datatype/jackson-datatype-jsr310/2.15.0/jackson-datatype-jsr310-2.15.0.jar:/Users/nickbarban/.m2/repository/javax/validation/validation-api/2.0.1.Final/validation-api-2.0.1.Final.jar:/Users/nickbarban/.m2/repository/io/projectreactor/reactor-core/3.5.0/reactor-core-3.5.0.jar:/Users/nickbarban/.m2/repository/io/micronaut/aws/micronaut-function-aws/3.10.1/micronaut-function-aws-3.10.1.jar:/Users/nickbarban/.m2/repository/io/micronaut/micronaut-function/3.10.1/micronaut-function-3.10.1.jar:/Users/nickbarban/.m2/repository/io/micronaut/aws/micronaut-function-aws-api-proxy/3.10.1/micronaut-function-aws-api-proxy-3.10.1.jar:/Users/nickbarban/.m2/repository/io/micronaut/micronaut-http-server/3.10.1/micronaut-http-server-3.10.1.jar:/Users/nickbarban/.m2/repository/io/micronaut/micronaut-websocket/3.10.1/micronaut-websocket-3.10.1.jar:/Users/nickbarban/.m2/repository/io/micronaut/micronaut-http-client-core/3.10.1/micronaut-http-client-core-3.10.1.jar:/Users/nickbarban/.m2/repository/io/micronaut/micronaut-router/3.10.1/micronaut-router-3.10.1.jar:/Users/nickbarban/.m2/repository/com/amazonaws/serverless/aws-serverless-java-container-core/1.9.3/aws-serverless-java-container-core-1.9.3.jar:/Users/nickbarban/.m2/repository/javax/ws/rs/javax.ws.rs-api/2.1.1/javax.ws.rs-api-2.1.1.jar:/Users/nickbarban/.m2/repository/commons-fileupload/commons-fileupload/1.5/commons-fileupload-1.5.jar:/Users/nickbarban/.m2/repository/com/sun/activation/jakarta.activation/1.2.2/jakarta.activation-1.2.2.jar:/Users/nickbarban/.m2/repository/org/slf4j/jcl-over-slf4j/1.7.36/jcl-over-slf4j-1.7.36.jar:/Users/nickbarban/.m2/repository/io/micronaut/aws/micronaut-aws-common/3.18.0/micronaut-aws-common-3.18.0.jar:/Users/nickbarban/.m2/repository/io/micronaut/aws/micronaut-aws-sdk-v2/3.10.1/micronaut-aws-sdk-v2-3.10.1.jar:/Users/nickbarban/.m2/repository/io/micronaut/aws/micronaut-aws-ua/3.18.0/micronaut-aws-ua-3.18.0.jar:/Users/nickbarban/.m2/repository/software/amazon/awssdk/dynamodb/2.24.12/dynamodb-2.24.12.jar:/Users/nickbarban/.m2/repository/software/amazon/awssdk/aws-json-protocol/2.20.107/aws-json-protocol-2.20.107.jar:/Users/nickbarban/.m2/repository/software/amazon/awssdk/third-party-jackson-core/2.20.107/third-party-jackson-core-2.20.107.jar:/Users/nickbarban/.m2/repository/software/amazon/awssdk/protocol-core/2.20.107/protocol-core-2.20.107.jar:/Users/nickbarban/.m2/repository/software/amazon/awssdk/profiles/2.20.107/profiles-2.20.107.jar:/Users/nickbarban/.m2/repository/software/amazon/awssdk/http-auth-aws/2.24.12/http-auth-aws-2.24.12.jar:/Users/nickbarban/.m2/repository/software/amazon/awssdk/checksums-spi/2.24.12/checksums-spi-2.24.12.jar:/Users/nickbarban/.m2/repository/software/amazon/awssdk/checksums/2.24.12/checksums-2.24.12.jar:/Users/nickbarban/.m2/repository/software/amazon/awssdk/sdk-core/2.20.107/sdk-core-2.20.107.jar:/Users/nickbarban/.m2/repository/software/amazon/awssdk/auth/2.20.107/auth-2.20.107.jar:/Users/nickbarban/.m2/repository/software/amazon/eventstream/eventstream/1.0.1/eventstream-1.0.1.jar:/Users/nickbarban/.m2/repository/software/amazon/awssdk/http-auth-spi/2.24.12/http-auth-spi-2.24.12.jar:/Users/nickbarban/.m2/repository/software/amazon/awssdk/http-auth/2.24.12/http-auth-2.24.12.jar:/Users/nickbarban/.m2/repository/software/amazon/awssdk/identity-spi/2.24.12/identity-spi-2.24.12.jar:/Users/nickbarban/.m2/repository/software/amazon/awssdk/http-client-spi/2.20.107/http-client-spi-2.20.107.jar:/Users/nickbarban/.m2/repository/software/amazon/awssdk/regions/2.20.107/regions-2.20.107.jar:/Users/nickbarban/.m2/repository/software/amazon/awssdk/annotations/2.20.107/annotations-2.20.107.jar:/Users/nickbarban/.m2/repository/software/amazon/awssdk/utils/2.20.107/utils-2.20.107.jar:/Users/nickbarban/.m2/repository/software/amazon/awssdk/aws-core/2.20.107/aws-core-2.20.107.jar:/Users/nickbarban/.m2/repository/software/amazon/awssdk/metrics-spi/2.20.107/metrics-spi-2.20.107.jar:/Users/nickbarban/.m2/repository/software/amazon/awssdk/json-utils/2.20.107/json-utils-2.20.107.jar:/Users/nickbarban/.m2/repository/software/amazon/awssdk/endpoints-spi/2.24.12/endpoints-spi-2.24.12.jar:/Users/nickbarban/.m2/repository/software/amazon/awssdk/apache-client/2.20.107/apache-client-2.20.107.jar:/Users/nickbarban/.m2/repository/software/amazon/awssdk/netty-nio-client/2.20.107/netty-nio-client-2.20.107.jar:/Users/nickbarban/.m2/repository/io/netty/netty-codec-http/4.1.94.Final/netty-codec-http-4.1.94.Final.jar:/Users/nickbarban/.m2/repository/io/netty/netty-codec-http2/4.1.94.Final/netty-codec-http2-4.1.94.Final.jar:/Users/nickbarban/.m2/repository/io/netty/netty-codec/4.1.94.Final/netty-codec-4.1.94.Final.jar:/Users/nickbarban/.m2/repository/io/netty/netty-transport/4.1.94.Final/netty-transport-4.1.94.Final.jar:/Users/nickbarban/.m2/repository/io/netty/netty-common/4.1.94.Final/netty-common-4.1.94.Final.jar:/Users/nickbarban/.m2/repository/io/netty/netty-buffer/4.1.94.Final/netty-buffer-4.1.94.Final.jar:/Users/nickbarban/.m2/repository/io/netty/netty-handler/4.1.94.Final/netty-handler-4.1.94.Final.jar:/Users/nickbarban/.m2/repository/io/netty/netty-transport-native-unix-common/4.1.94.Final/netty-transport-native-unix-common-4.1.94.Final.jar:/Users/nickbarban/.m2/repository/io/netty/netty-transport-classes-epoll/4.1.94.Final/netty-transport-classes-epoll-4.1.94.Final.jar:/Users/nickbarban/.m2/repository/io/netty/netty-resolver/4.1.94.Final/netty-resolver-4.1.94.Final.jar:/Users/nickbarban/.m2/repository/com/amazonaws/aws-lambda-java-core/1.2.2/aws-lambda-java-core-1.2.2.jar:/Users/nickbarban/.m2/repository/com/amazonaws/aws-lambda-java-events/3.11.4/aws-lambda-java-events-3.11.4.jar:/Users/nickbarban/.m2/repository/joda-time/joda-time/2.10.8/joda-time-2.10.8.jar:/Users/nickbarban/.m2/repository/com/google/apis/google-api-services-translate/v2-rev20170525-2.0.0/google-api-services-translate-v2-rev20170525-2.0.0.jar:/Users/nickbarban/.m2/repository/com/google/api-client/google-api-client/2.2.0/google-api-client-2.2.0.jar:/Users/nickbarban/.m2/repository/commons-codec/commons-codec/1.15/commons-codec-1.15.jar:/Users/nickbarban/.m2/repository/com/google/oauth-client/google-oauth-client/1.34.1/google-oauth-client-1.34.1.jar:/Users/nickbarban/.m2/repository/com/google/http-client/google-http-client-gson/1.42.3/google-http-client-gson-1.42.3.jar:/Users/nickbarban/.m2/repository/com/google/code/gson/gson/2.10/gson-2.10.jar:/Users/nickbarban/.m2/repository/com/google/guava/guava/31.1-jre/guava-31.1-jre.jar:/Users/nickbarban/.m2/repository/com/google/guava/failureaccess/1.0.1/failureaccess-1.0.1.jar:/Users/nickbarban/.m2/repository/com/google/guava/listenablefuture/9999.0-empty-to-avoid-conflict-with-guava/listenablefuture-9999.0-empty-to-avoid-conflict-with-guava.jar:/Users/nickbarban/.m2/repository/com/google/code/findbugs/jsr305/3.0.2/jsr305-3.0.2.jar:/Users/nickbarban/.m2/repository/org/checkerframework/checker-qual/3.12.0/checker-qual-3.12.0.jar:/Users/nickbarban/.m2/repository/com/google/errorprone/error_prone_annotations/2.11.0/error_prone_annotations-2.11.0.jar:/Users/nickbarban/.m2/repository/com/google/j2objc/j2objc-annotations/1.3/j2objc-annotations-1.3.jar:/Users/nickbarban/.m2/repository/com/google/http-client/google-http-client-apache-v2/1.42.3/google-http-client-apache-v2-1.42.3.jar:/Users/nickbarban/.m2/repository/org/apache/httpcomponents/httpcore/4.4.16/httpcore-4.4.16.jar:/Users/nickbarban/.m2/repository/org/apache/httpcomponents/httpclient/4.5.14/httpclient-4.5.14.jar:/Users/nickbarban/.m2/repository/commons-logging/commons-logging/1.2/commons-logging-1.2.jar:/Users/nickbarban/.m2/repository/com/google/http-client/google-http-client/1.42.3/google-http-client-1.42.3.jar:/Users/nickbarban/.m2/repository/io/opencensus/opencensus-api/0.31.1/opencensus-api-0.31.1.jar:/Users/nickbarban/.m2/repository/io/grpc/grpc-context/1.54.0/grpc-context-1.54.0.jar:/Users/nickbarban/.m2/repository/io/opencensus/opencensus-contrib-http-util/0.31.1/opencensus-contrib-http-util-0.31.1.jar:/Users/nickbarban/.m2/repository/com/google/http-client/google-http-client-jackson2/1.42.1/google-http-client-jackson2-1.42.1.jar:/Users/nickbarban/.m2/repository/com/fasterxml/jackson/core/jackson-core/2.15.0/jackson-core-2.15.0.jar:/Users/nickbarban/.m2/repository/com/google/oauth-client/google-oauth-client-jetty/1.34.1/google-oauth-client-jetty-1.34.1.jar:/Users/nickbarban/.m2/repository/com/google/oauth-client/google-oauth-client-java6/1.34.1/google-oauth-client-java6-1.34.1.jar:/Users/nickbarban/.m2/repository/org/telegram/telegrambots/6.8.0/telegrambots-6.8.0.jar:/Users/nickbarban/.m2/repository/org/telegram/telegrambots-meta/6.8.0/telegrambots-meta-6.8.0.jar:/Users/nickbarban/.m2/repository/org/apache/commons/commons-lang3/3.12.0/commons-lang3-3.12.0.jar:/Users/nickbarban/.m2/repository/com/fasterxml/jackson/core/jackson-annotations/2.15.0/jackson-annotations-2.15.0.jar:/Users/nickbarban/.m2/repository/com/fasterxml/jackson/jaxrs/jackson-jaxrs-json-provider/2.15.0/jackson-jaxrs-json-provider-2.15.0.jar:/Users/nickbarban/.m2/repository/com/fasterxml/jackson/jaxrs/jackson-jaxrs-base/2.15.0/jackson-jaxrs-base-2.15.0.jar:/Users/nickbarban/.m2/repository/com/fasterxml/jackson/module/jackson-module-jaxb-annotations/2.15.0/jackson-module-jaxb-annotations-2.15.0.jar:/Users/nickbarban/.m2/repository/jakarta/xml/bind/jakarta.xml.bind-api/2.3.3/jakarta.xml.bind-api-2.3.3.jar:/Users/nickbarban/.m2/repository/com/fasterxml/jackson/core/jackson-databind/2.15.0/jackson-databind-2.15.0.jar:/Users/nickbarban/.m2/repository/org/glassfish/jersey/inject/jersey-hk2/2.35/jersey-hk2-2.35.jar:/Users/nickbarban/.m2/repository/org/glassfish/jersey/core/jersey-common/2.35/jersey-common-2.35.jar:/Users/nickbarban/.m2/repository/org/glassfish/hk2/osgi-resource-locator/1.0.3/osgi-resource-locator-1.0.3.jar:/Users/nickbarban/.m2/repository/org/glassfish/hk2/hk2-locator/2.6.1/hk2-locator-2.6.1.jar:/Users/nickbarban/.m2/repository/org/glassfish/hk2/external/aopalliance-repackaged/2.6.1/aopalliance-repackaged-2.6.1.jar:/Users/nickbarban/.m2/repository/org/glassfish/hk2/hk2-api/2.6.1/hk2-api-2.6.1.jar:/Users/nickbarban/.m2/repository/org/glassfish/hk2/hk2-utils/2.6.1/hk2-utils-2.6.1.jar:/Users/nickbarban/.m2/repository/org/javassist/javassist/3.25.0-GA/javassist-3.25.0-GA.jar:/Users/nickbarban/.m2/repository/org/glassfish/jersey/media/jersey-media-json-jackson/2.35/jersey-media-json-jackson-2.35.jar:/Users/nickbarban/.m2/repository/org/glassfish/jersey/ext/jersey-entity-filtering/2.35/jersey-entity-filtering-2.35.jar:/Users/nickbarban/.m2/repository/org/glassfish/jersey/containers/jersey-container-grizzly2-http/2.35/jersey-container-grizzly2-http-2.35.jar:/Users/nickbarban/.m2/repository/org/glassfish/hk2/external/jakarta.inject/2.6.1/jakarta.inject-2.6.1.jar:/Users/nickbarban/.m2/repository/org/glassfish/grizzly/grizzly-http-server/2.4.4/grizzly-http-server-2.4.4.jar:/Users/nickbarban/.m2/repository/org/glassfish/grizzly/grizzly-http/2.4.4/grizzly-http-2.4.4.jar:/Users/nickbarban/.m2/repository/org/glassfish/grizzly/grizzly-framework/2.4.4/grizzly-framework-2.4.4.jar:/Users/nickbarban/.m2/repository/jakarta/ws/rs/jakarta.ws.rs-api/2.1.6/jakarta.ws.rs-api-2.1.6.jar:/Users/nickbarban/.m2/repository/org/glassfish/jersey/core/jersey-server/2.35/jersey-server-2.35.jar:/Users/nickbarban/.m2/repository/org/glassfish/jersey/core/jersey-client/2.35/jersey-client-2.35.jar:/Users/nickbarban/.m2/repository/jakarta/validation/jakarta.validation-api/2.0.2/jakarta.validation-api-2.0.2.jar:/Users/nickbarban/.m2/repository/org/apache/httpcomponents/httpmime/4.5.13/httpmime-4.5.13.jar:/Users/nickbarban/.m2/repository/commons-io/commons-io/2.11.0/commons-io-2.11.0.jar:/Users/nickbarban/.m2/repository/org/junit/jupiter/junit-jupiter-api/5.9.1/junit-jupiter-api-5.9.1.jar:/Users/nickbarban/.m2/repository/org/opentest4j/opentest4j/1.2.0/opentest4j-1.2.0.jar:/Users/nickbarban/.m2/repository/org/junit/platform/junit-platform-commons/1.9.1/junit-platform-commons-1.9.1.jar:/Users/nickbarban/.m2/repository/org/apiguardian/apiguardian-api/1.1.2/apiguardian-api-1.1.2.jar:/Users/nickbarban/.m2/repository/org/junit/jupiter/junit-jupiter-engine/5.9.1/junit-jupiter-engine-5.9.1.jar:/Users/nickbarban/.m2/repository/org/junit/platform/junit-platform-engine/1.9.1/junit-platform-engine-1.9.1.jar:/Users/nickbarban/.m2/repository/org/mockito/mockito-core/5.10.0/mockito-core-5.10.0.jar:/Users/nickbarban/.m2/repository/net/bytebuddy/byte-buddy/1.14.11/byte-buddy-1.14.11.jar:/Users/nickbarban/.m2/repository/net/bytebuddy/byte-buddy-agent/1.14.11/byte-buddy-agent-1.14.11.jar:/Users/nickbarban/.m2/repository/org/objenesis/objenesis/3.3/objenesis-3.3.jar:/Users/nickbarban/.m2/repository/org/mockito/mockito-junit-jupiter/5.10.0/mockito-junit-jupiter-5.10.0.jar:/Users/nickbarban/.m2/repository/org/testcontainers/junit-jupiter/1.19.7/junit-jupiter-1.19.7.jar:/Users/nickbarban/.m2/repository/org/testcontainers/testcontainers/1.19.7/testcontainers-1.19.7.jar:/Users/nickbarban/.m2/repository/junit/junit/4.13.2/junit-4.13.2.jar:/Users/nickbarban/.m2/repository/org/hamcrest/hamcrest-core/1.3/hamcrest-core-1.3.jar:/Users/nickbarban/.m2/repository/org/apache/commons/commons-compress/1.24.0/commons-compress-1.24.0.jar:/Users/nickbarban/.m2/repository/org/rnorth/duct-tape/duct-tape/1.0.8/duct-tape-1.0.8.jar:/Users/nickbarban/.m2/repository/org/jetbrains/annotations/17.0.0/annotations-17.0.0.jar:/Users/nickbarban/.m2/repository/com/github/docker-java/docker-java-api/3.3.6/docker-java-api-3.3.6.jar:/Users/nickbarban/.m2/repository/com/github/docker-java/docker-java-transport-zerodep/3.3.6/docker-java-transport-zerodep-3.3.6.jar:/Users/nickbarban/.m2/repository/com/github/docker-java/docker-java-transport/3.3.6/docker-java-transport-3.3.6.jar:/Users/nickbarban/.m2/repository/net/java/dev/jna/jna/5.12.1/jna-5.12.1.jar:"/>
    <property name="java.vm.vendor" value="Amazon.com Inc."/>
    <property name="sun.arch.data.model" value="64"/>
    <property name="java.vendor.url" value="https://aws.amazon.com/corretto/"/>
    <property name="user.timezone" value="Europe/Rome"/>
    <property name="os.name" value="Mac OS X"/>
    <property name="java.vm.specification.version" value="17"/>
    <property name="sun.java.launcher" value="SUN_STANDARD"/>
    <property name="user.country" value="UA"/>
    <property name="sun.boot.library.path" value="/Users/nickbarban/.sdkman/candidates/java/17.0.9-amzn/lib"/>
    <property name="sun.java.command" value="/Users/nickbarban/tutorspace/vocabulary-tbot/vocabulary-tbot/tbot/target/surefire/surefirebooter-20250403231019573_3.jar /Users/nickbarban/tutorspace/vocabulary-tbot/vocabulary-tbot/tbot/target/surefire 2025-04-03T23-10-19_528-jvmRun1 surefire-20250403231019573_1tmp surefire_0-20250403231019573_2tmp"/>
    <property name="http.nonProxyHosts" value="local|*.local|169.254/16|*.169.254/16"/>
    <property name="jdk.debug" value="release"/>
    <property name="surefire.test.class.path" value="/Users/nickbarban/tutorspace/vocabulary-tbot/vocabulary-tbot/tbot/target/test-classes:/Users/nickbarban/tutorspace/vocabulary-tbot/vocabulary-tbot/tbot/target/classes:/Users/nickbarban/.m2/repository/io/micronaut/micronaut-runtime/3.10.1/micronaut-runtime-3.10.1.jar:/Users/nickbarban/.m2/repository/org/slf4j/slf4j-api/1.7.36/slf4j-api-1.7.36.jar:/Users/nickbarban/.m2/repository/io/micronaut/micronaut-http/3.10.1/micronaut-http-3.10.1.jar:/Users/nickbarban/.m2/repository/io/micronaut/micronaut-inject/3.10.1/micronaut-inject-3.10.1.jar:/Users/nickbarban/.m2/repository/javax/annotation/javax.annotation-api/1.3.2/javax.annotation-api-1.3.2.jar:/Users/nickbarban/.m2/repository/jakarta/inject/jakarta.inject-api/2.0.1/jakarta.inject-api-2.0.1.jar:/Users/nickbarban/.m2/repository/jakarta/annotation/jakarta.annotation-api/2.1.1/jakarta.annotation-api-2.1.1.jar:/Users/nickbarban/.m2/repository/io/micronaut/micronaut-core/3.10.1/micronaut-core-3.10.1.jar:/Users/nickbarban/.m2/repository/org/yaml/snakeyaml/2.0/snakeyaml-2.0.jar:/Users/nickbarban/.m2/repository/io/micronaut/micronaut-aop/3.10.1/micronaut-aop-3.10.1.jar:/Users/nickbarban/.m2/repository/io/micronaut/micronaut-context/3.10.1/micronaut-context-3.10.1.jar:/Users/nickbarban/.m2/repository/io/micronaut/micronaut-core-reactive/3.10.1/micronaut-core-reactive-3.10.1.jar:/Users/nickbarban/.m2/repository/org/reactivestreams/reactive-streams/1.0.4/reactive-streams-1.0.4.jar:/Users/nickbarban/.m2/repository/io/micronaut/micronaut-jackson-databind/3.10.1/micronaut-jackson-databind-3.10.1.jar:/Users/nickbarban/.m2/repository/io/micronaut/micronaut-jackson-core/3.10.1/micronaut-jackson-core-3.10.1.jar:/Users/nickbarban/.m2/repository/io/micronaut/micronaut-json-core/3.10.1/micronaut-json-core-3.10.1.jar:/Users/nickbarban/.m2/repository/com/fasterxml/jackson/datatype/jackson-datatype-jdk8/2.15.0/jackson-datatype-jdk8-2.15.0.jar:/Users/nickbarban/.m2/repository/com/fasterxml/jackson/datatype/jackson-datatype-jsr310/2.15.0/jackson-datatype-jsr310-2.15.0.jar:/Users/nickbarban/.m2/repository/javax/validation/validation-api/2.0.1.Final/validation-api-2.0.1.Final.jar:/Users/nickbarban/.m2/repository/io/projectreactor/reactor-core/3.5.0/reactor-core-3.5.0.jar:/Users/nickbarban/.m2/repository/io/micronaut/aws/micronaut-function-aws/3.10.1/micronaut-function-aws-3.10.1.jar:/Users/nickbarban/.m2/repository/io/micronaut/micronaut-function/3.10.1/micronaut-function-3.10.1.jar:/Users/nickbarban/.m2/repository/io/micronaut/aws/micronaut-function-aws-api-proxy/3.10.1/micronaut-function-aws-api-proxy-3.10.1.jar:/Users/nickbarban/.m2/repository/io/micronaut/micronaut-http-server/3.10.1/micronaut-http-server-3.10.1.jar:/Users/nickbarban/.m2/repository/io/micronaut/micronaut-websocket/3.10.1/micronaut-websocket-3.10.1.jar:/Users/nickbarban/.m2/repository/io/micronaut/micronaut-http-client-core/3.10.1/micronaut-http-client-core-3.10.1.jar:/Users/nickbarban/.m2/repository/io/micronaut/micronaut-router/3.10.1/micronaut-router-3.10.1.jar:/Users/nickbarban/.m2/repository/com/amazonaws/serverless/aws-serverless-java-container-core/1.9.3/aws-serverless-java-container-core-1.9.3.jar:/Users/nickbarban/.m2/repository/javax/ws/rs/javax.ws.rs-api/2.1.1/javax.ws.rs-api-2.1.1.jar:/Users/nickbarban/.m2/repository/commons-fileupload/commons-fileupload/1.5/commons-fileupload-1.5.jar:/Users/nickbarban/.m2/repository/com/sun/activation/jakarta.activation/1.2.2/jakarta.activation-1.2.2.jar:/Users/nickbarban/.m2/repository/org/slf4j/jcl-over-slf4j/1.7.36/jcl-over-slf4j-1.7.36.jar:/Users/nickbarban/.m2/repository/io/micronaut/aws/micronaut-aws-common/3.18.0/micronaut-aws-common-3.18.0.jar:/Users/nickbarban/.m2/repository/io/micronaut/aws/micronaut-aws-sdk-v2/3.10.1/micronaut-aws-sdk-v2-3.10.1.jar:/Users/nickbarban/.m2/repository/io/micronaut/aws/micronaut-aws-ua/3.18.0/micronaut-aws-ua-3.18.0.jar:/Users/nickbarban/.m2/repository/software/amazon/awssdk/dynamodb/2.24.12/dynamodb-2.24.12.jar:/Users/nickbarban/.m2/repository/software/amazon/awssdk/aws-json-protocol/2.20.107/aws-json-protocol-2.20.107.jar:/Users/nickbarban/.m2/repository/software/amazon/awssdk/third-party-jackson-core/2.20.107/third-party-jackson-core-2.20.107.jar:/Users/nickbarban/.m2/repository/software/amazon/awssdk/protocol-core/2.20.107/protocol-core-2.20.107.jar:/Users/nickbarban/.m2/repository/software/amazon/awssdk/profiles/2.20.107/profiles-2.20.107.jar:/Users/nickbarban/.m2/repository/software/amazon/awssdk/http-auth-aws/2.24.12/http-auth-aws-2.24.12.jar:/Users/nickbarban/.m2/repository/software/amazon/awssdk/checksums-spi/2.24.12/checksums-spi-2.24.12.jar:/Users/nickbarban/.m2/repository/software/amazon/awssdk/checksums/2.24.12/checksums-2.24.12.jar:/Users/nickbarban/.m2/repository/software/amazon/awssdk/sdk-core/2.20.107/sdk-core-2.20.107.jar:/Users/nickbarban/.m2/repository/software/amazon/awssdk/auth/2.20.107/auth-2.20.107.jar:/Users/nickbarban/.m2/repository/software/amazon/eventstream/eventstream/1.0.1/eventstream-1.0.1.jar:/Users/nickbarban/.m2/repository/software/amazon/awssdk/http-auth-spi/2.24.12/http-auth-spi-2.24.12.jar:/Users/nickbarban/.m2/repository/software/amazon/awssdk/http-auth/2.24.12/http-auth-2.24.12.jar:/Users/nickbarban/.m2/repository/software/amazon/awssdk/identity-spi/2.24.12/identity-spi-2.24.12.jar:/Users/nickbarban/.m2/repository/software/amazon/awssdk/http-client-spi/2.20.107/http-client-spi-2.20.107.jar:/Users/nickbarban/.m2/repository/software/amazon/awssdk/regions/2.20.107/regions-2.20.107.jar:/Users/nickbarban/.m2/repository/software/amazon/awssdk/annotations/2.20.107/annotations-2.20.107.jar:/Users/nickbarban/.m2/repository/software/amazon/awssdk/utils/2.20.107/utils-2.20.107.jar:/Users/nickbarban/.m2/repository/software/amazon/awssdk/aws-core/2.20.107/aws-core-2.20.107.jar:/Users/nickbarban/.m2/repository/software/amazon/awssdk/metrics-spi/2.20.107/metrics-spi-2.20.107.jar:/Users/nickbarban/.m2/repository/software/amazon/awssdk/json-utils/2.20.107/json-utils-2.20.107.jar:/Users/nickbarban/.m2/repository/software/amazon/awssdk/endpoints-spi/2.24.12/endpoints-spi-2.24.12.jar:/Users/nickbarban/.m2/repository/software/amazon/awssdk/apache-client/2.20.107/apache-client-2.20.107.jar:/Users/nickbarban/.m2/repository/software/amazon/awssdk/netty-nio-client/2.20.107/netty-nio-client-2.20.107.jar:/Users/nickbarban/.m2/repository/io/netty/netty-codec-http/4.1.94.Final/netty-codec-http-4.1.94.Final.jar:/Users/nickbarban/.m2/repository/io/netty/netty-codec-http2/4.1.94.Final/netty-codec-http2-4.1.94.Final.jar:/Users/nickbarban/.m2/repository/io/netty/netty-codec/4.1.94.Final/netty-codec-4.1.94.Final.jar:/Users/nickbarban/.m2/repository/io/netty/netty-transport/4.1.94.Final/netty-transport-4.1.94.Final.jar:/Users/nickbarban/.m2/repository/io/netty/netty-common/4.1.94.Final/netty-common-4.1.94.Final.jar:/Users/nickbarban/.m2/repository/io/netty/netty-buffer/4.1.94.Final/netty-buffer-4.1.94.Final.jar:/Users/nickbarban/.m2/repository/io/netty/netty-handler/4.1.94.Final/netty-handler-4.1.94.Final.jar:/Users/nickbarban/.m2/repository/io/netty/netty-transport-native-unix-common/4.1.94.Final/netty-transport-native-unix-common-4.1.94.Final.jar:/Users/nickbarban/.m2/repository/io/netty/netty-transport-classes-epoll/4.1.94.Final/netty-transport-classes-epoll-4.1.94.Final.jar:/Users/nickbarban/.m2/repository/io/netty/netty-resolver/4.1.94.Final/netty-resolver-4.1.94.Final.jar:/Users/nickbarban/.m2/repository/com/amazonaws/aws-lambda-java-core/1.2.2/aws-lambda-java-core-1.2.2.jar:/Users/nickbarban/.m2/repository/com/amazonaws/aws-lambda-java-events/3.11.4/aws-lambda-java-events-3.11.4.jar:/Users/nickbarban/.m2/repository/joda-time/joda-time/2.10.8/joda-time-2.10.8.jar:/Users/nickbarban/.m2/repository/com/google/apis/google-api-services-translate/v2-rev20170525-2.0.0/google-api-services-translate-v2-rev20170525-2.0.0.jar:/Users/nickbarban/.m2/repository/com/google/api-client/google-api-client/2.2.0/google-api-client-2.2.0.jar:/Users/nickbarban/.m2/repository/commons-codec/commons-codec/1.15/commons-codec-1.15.jar:/Users/nickbarban/.m2/repository/com/google/oauth-client/google-oauth-client/1.34.1/google-oauth-client-1.34.1.jar:/Users/nickbarban/.m2/repository/com/google/http-client/google-http-client-gson/1.42.3/google-http-client-gson-1.42.3.jar:/Users/nickbarban/.m2/repository/com/google/code/gson/gson/2.10/gson-2.10.jar:/Users/nickbarban/.m2/repository/com/google/guava/guava/31.1-jre/guava-31.1-jre.jar:/Users/nickbarban/.m2/repository/com/google/guava/failureaccess/1.0.1/failureaccess-1.0.1.jar:/Users/nickbarban/.m2/repository/com/google/guava/listenablefuture/9999.0-empty-to-avoid-conflict-with-guava/listenablefuture-9999.0-empty-to-avoid-conflict-with-guava.jar:/Users/nickbarban/.m2/repository/com/google/code/findbugs/jsr305/3.0.2/jsr305-3.0.2.jar:/Users/nickbarban/.m2/repository/org/checkerframework/checker-qual/3.12.0/checker-qual-3.12.0.jar:/Users/nickbarban/.m2/repository/com/google/errorprone/error_prone_annotations/2.11.0/error_prone_annotations-2.11.0.jar:/Users/nickbarban/.m2/repository/com/google/j2objc/j2objc-annotations/1.3/j2objc-annotations-1.3.jar:/Users/nickbarban/.m2/repository/com/google/http-client/google-http-client-apache-v2/1.42.3/google-http-client-apache-v2-1.42.3.jar:/Users/nickbarban/.m2/repository/org/apache/httpcomponents/httpcore/4.4.16/httpcore-4.4.16.jar:/Users/nickbarban/.m2/repository/org/apache/httpcomponents/httpclient/4.5.14/httpclient-4.5.14.jar:/Users/nickbarban/.m2/repository/commons-logging/commons-logging/1.2/commons-logging-1.2.jar:/Users/nickbarban/.m2/repository/com/google/http-client/google-http-client/1.42.3/google-http-client-1.42.3.jar:/Users/nickbarban/.m2/repository/io/opencensus/opencensus-api/0.31.1/opencensus-api-0.31.1.jar:/Users/nickbarban/.m2/repository/io/grpc/grpc-context/1.54.0/grpc-context-1.54.0.jar:/Users/nickbarban/.m2/repository/io/opencensus/opencensus-contrib-http-util/0.31.1/opencensus-contrib-http-util-0.31.1.jar:/Users/nickbarban/.m2/repository/com/google/http-client/google-http-client-jackson2/1.42.1/google-http-client-jackson2-1.42.1.jar:/Users/nickbarban/.m2/repository/com/fasterxml/jackson/core/jackson-core/2.15.0/jackson-core-2.15.0.jar:/Users/nickbarban/.m2/repository/com/google/oauth-client/google-oauth-client-jetty/1.34.1/google-oauth-client-jetty-1.34.1.jar:/Users/nickbarban/.m2/repository/com/google/oauth-client/google-oauth-client-java6/1.34.1/google-oauth-client-java6-1.34.1.jar:/Users/nickbarban/.m2/repository/org/telegram/telegrambots/6.8.0/telegrambots-6.8.0.jar:/Users/nickbarban/.m2/repository/org/telegram/telegrambots-meta/6.8.0/telegrambots-meta-6.8.0.jar:/Users/nickbarban/.m2/repository/org/apache/commons/commons-lang3/3.12.0/commons-lang3-3.12.0.jar:/Users/nickbarban/.m2/repository/com/fasterxml/jackson/core/jackson-annotations/2.15.0/jackson-annotations-2.15.0.jar:/Users/nickbarban/.m2/repository/com/fasterxml/jackson/jaxrs/jackson-jaxrs-json-provider/2.15.0/jackson-jaxrs-json-provider-2.15.0.jar:/Users/nickbarban/.m2/repository/com/fasterxml/jackson/jaxrs/jackson-jaxrs-base/2.15.0/jackson-jaxrs-base-2.15.0.jar:/Users/nickbarban/.m2/repository/com/fasterxml/jackson/module/jackson-module-jaxb-annotations/2.15.0/jackson-module-jaxb-annotations-2.15.0.jar:/Users/nickbarban/.m2/repository/jakarta/xml/bind/jakarta.xml.bind-api/2.3.3/jakarta.xml.bind-api-2.3.3.jar:/Users/nickbarban/.m2/repository/com/fasterxml/jackson/core/jackson-databind/2.15.0/jackson-databind-2.15.0.jar:/Users/nickbarban/.m2/repository/org/glassfish/jersey/inject/jersey-hk2/2.35/jersey-hk2-2.35.jar:/Users/nickbarban/.m2/repository/org/glassfish/jersey/core/jersey-common/2.35/jersey-common-2.35.jar:/Users/nickbarban/.m2/repository/org/glassfish/hk2/osgi-resource-locator/1.0.3/osgi-resource-locator-1.0.3.jar:/Users/nickbarban/.m2/repository/org/glassfish/hk2/hk2-locator/2.6.1/hk2-locator-2.6.1.jar:/Users/nickbarban/.m2/repository/org/glassfish/hk2/external/aopalliance-repackaged/2.6.1/aopalliance-repackaged-2.6.1.jar:/Users/nickbarban/.m2/repository/org/glassfish/hk2/hk2-api/2.6.1/hk2-api-2.6.1.jar:/Users/nickbarban/.m2/repository/org/glassfish/hk2/hk2-utils/2.6.1/hk2-utils-2.6.1.jar:/Users/nickbarban/.m2/repository/org/javassist/javassist/3.25.0-GA/javassist-3.25.0-GA.jar:/Users/nickbarban/.m2/repository/org/glassfish/jersey/media/jersey-media-json-jackson/2.35/jersey-media-json-jackson-2.35.jar:/Users/nickbarban/.m2/repository/org/glassfish/jersey/ext/jersey-entity-filtering/2.35/jersey-entity-filtering-2.35.jar:/Users/nickbarban/.m2/repository/org/glassfish/jersey/containers/jersey-container-grizzly2-http/2.35/jersey-container-grizzly2-http-2.35.jar:/Users/nickbarban/.m2/repository/org/glassfish/hk2/external/jakarta.inject/2.6.1/jakarta.inject-2.6.1.jar:/Users/nickbarban/.m2/repository/org/glassfish/grizzly/grizzly-http-server/2.4.4/grizzly-http-server-2.4.4.jar:/Users/nickbarban/.m2/repository/org/glassfish/grizzly/grizzly-http/2.4.4/grizzly-http-2.4.4.jar:/Users/nickbarban/.m2/repository/org/glassfish/grizzly/grizzly-framework/2.4.4/grizzly-framework-2.4.4.jar:/Users/nickbarban/.m2/repository/jakarta/ws/rs/jakarta.ws.rs-api/2.1.6/jakarta.ws.rs-api-2.1.6.jar:/Users/nickbarban/.m2/repository/org/glassfish/jersey/core/jersey-server/2.35/jersey-server-2.35.jar:/Users/nickbarban/.m2/repository/org/glassfish/jersey/core/jersey-client/2.35/jersey-client-2.35.jar:/Users/nickbarban/.m2/repository/jakarta/validation/jakarta.validation-api/2.0.2/jakarta.validation-api-2.0.2.jar:/Users/nickbarban/.m2/repository/org/apache/httpcomponents/httpmime/4.5.13/httpmime-4.5.13.jar:/Users/nickbarban/.m2/repository/commons-io/commons-io/2.11.0/commons-io-2.11.0.jar:/Users/nickbarban/.m2/repository/org/junit/jupiter/junit-jupiter-api/5.9.1/junit-jupiter-api-5.9.1.jar:/Users/nickbarban/.m2/repository/org/opentest4j/opentest4j/1.2.0/opentest4j-1.2.0.jar:/Users/nickbarban/.m2/repository/org/junit/platform/junit-platform-commons/1.9.1/junit-platform-commons-1.9.1.jar:/Users/nickbarban/.m2/repository/org/apiguardian/apiguardian-api/1.1.2/apiguardian-api-1.1.2.jar:/Users/nickbarban/.m2/repository/org/junit/jupiter/junit-jupiter-engine/5.9.1/junit-jupiter-engine-5.9.1.jar:/Users/nickbarban/.m2/repository/org/junit/platform/junit-platform-engine/1.9.1/junit-platform-engine-1.9.1.jar:/Users/nickbarban/.m2/repository/org/mockito/mockito-core/5.10.0/mockito-core-5.10.0.jar:/Users/nickbarban/.m2/repository/net/bytebuddy/byte-buddy/1.14.11/byte-buddy-1.14.11.jar:/Users/nickbarban/.m2/repository/net/bytebuddy/byte-buddy-agent/1.14.11/byte-buddy-agent-1.14.11.jar:/Users/nickbarban/.m2/repository/org/objenesis/objenesis/3.3/objenesis-3.3.jar:/Users/nickbarban/.m2/repository/org/mockito/mockito-junit-jupiter/5.10.0/mockito-junit-jupiter-5.10.0.jar:/Users/nickbarban/.m2/repository/org/testcontainers/junit-jupiter/1.19.7/junit-jupiter-1.19.7.jar:/Users/nickbarban/.m2/repository/org/testcontainers/testcontainers/1.19.7/testcontainers-1.19.7.jar:/Users/nickbarban/.m2/repository/junit/junit/4.13.2/junit-4.13.2.jar:/Users/nickbarban/.m2/repository/org/hamcrest/hamcrest-core/1.3/hamcrest-core-1.3.jar:/Users/nickbarban/.m2/repository/org/apache/commons/commons-compress/1.24.0/commons-compress-1.24.0.jar:/Users/nickbarban/.m2/repository/org/rnorth/duct-tape/duct-tape/1.0.8/duct-tape-1.0.8.jar:/Users/nickbarban/.m2/repository/org/jetbrains/annotations/17.0.0/annotations-17.0.0.jar:/Users/nickbarban/.m2/repository/com/github/docker-java/docker-java-api/3.3.6/docker-java-api-3.3.6.jar:/Users/nickbarban/.m2/repository/com/github/docker-java/docker-java-transport-zerodep/3.3.6/docker-java-transport-zerodep-3.3.6.jar:/Users/nickbarban/.m2/repository/com/github/docker-java/docker-java-transport/3.3.6/docker-java-transport-3.3.6.jar:/Users/nickbarban/.m2/repository/net/java/dev/jna/jna/5.12.1/jna-5.12.1.jar:"/>
    <property name="sun.cpu.endian" value="little"/>
    <property name="user.home" value="/Users/nickbarban"/>
    <property name="user.language" value="en"/>
    <property name="java.specification.vendor" value="Oracle Corporation"/>
    <property name="java.version.date" value="2023-10-17"/>
    <property name="java.home" value="/Users/nickbarban/.sdkman/candidates/java/17.0.9-amzn"/>
    <property name="file.separator" value="/"/>
    <property name="basedir" value="/Users/nickbarban/tutorspace/vocabulary-tbot/vocabulary-tbot/tbot"/>
    <property name="java.vm.compressedOopsMode" value="Zero based"/>
    <property name="line.separator" value="&#10;"/>
    <property name="java.specification.name" value="Java Platform API Specification"/>
    <property name="java.vm.specification.vendor" value="Oracle Corporation"/>
    <property name="surefire.real.class.path" value="/Users/nickbarban/tutorspace/vocabulary-tbot/vocabulary-tbot/tbot/target/surefire/surefirebooter-20250403231019573_3.jar"/>
    <property name="sun.management.compiler" value="HotSpot 64-Bit Tiered Compilers"/>
    <property name="ftp.nonProxyHosts" value="local|*.local|169.254/16|*.169.254/16"/>
    <property name="java.runtime.version" value="17.0.9+8-LTS"/>
    <property name="user.name" value="nickbarban"/>
    <property name="path.separator" value=":"/>
    <property name="os.version" value="15.3.1"/>
    <property name="java.runtime.name" value="OpenJDK Runtime Environment"/>
    <property name="file.encoding" value="US-ASCII"/>
    <property name="java.vm.name" value="OpenJDK 64-Bit Server VM"/>
    <property name="java.vendor.version" value="Corretto-17.0.9.8.1"/>
    <property name="localRepository" value="/Users/nickbarban/.m2/repository"/>
    <property name="java.vendor.url.bug" value="https://github.com/corretto/corretto-17/issues/"/>
    <property name="java.io.tmpdir" value="/var/folders/y_/myrth6r92wn1gdhftk5pwv4h0000gn/T/"/>
    <property name="java.version" value="17.0.9"/>
    <property name="user.dir" value="/Users/nickbarban/tutorspace/vocabulary-tbot/vocabulary-tbot/tbot"/>
    <property name="os.arch" value="aarch64"/>
    <property name="java.vm.specification.name" value="Java Virtual Machine Specification"/>
    <property name="native.encoding" value="US-ASCII"/>
    <property name="java.library.path" value="/Users/nickbarban/Library/Java/Extensions:/Library/Java/Extensions:/Network/Library/Java/Extensions:/System/Library/Java/Extensions:/usr/lib/java:."/>
    <property name="java.vm.info" value="mixed mode, sharing"/>
    <property name="java.vendor" value="Amazon.com Inc."/>
    <property name="java.vm.version" value="17.0.9+8-LTS"/>
    <property name="sun.io.unicode.encoding" value="UnicodeBig"/>
    <property name="socksNonProxyHosts" value="local|*.local|169.254/16|*.169.254/16"/>
    <property name="java.class.version" value="61.0"/>
  </properties>
  <testcase name="testSaveAndGetWord" classname="com.nb.vocabularytbot.service.VocabularyServiceTest" time="0.252"/>
</testsuite>