<?xml version="1.0" encoding="UTF-8"?>
<testsuite xmlns:xsi="http://www.w3.org/2001/XMLSchema-instance" xsi:noNamespaceSchemaLocation="https://maven.apache.org/surefire/maven-surefire-plugin/xsd/surefire-test-report-3.0.xsd" version="3.0" name="com.nb.vocabularytbot.VocabularyBotStackTest" time="1.618" tests="1" errors="0" skipped="0" failures="0">
  <properties>
    <property name="GOOGLE_CLIENT_SECRET" value="test-client-secret"/>
    <property name="java.specification.version" value="17"/>
    <property name="sun.jnu.encoding" value="UTF-8"/>
    <property name="java.class.path" value="/Users/nickbarban/tutorspace/vocabulary-tbot/vocabulary-tbot/infra/target/test-classes:/Users/nickbarban/tutorspace/vocabulary-tbot/vocabulary-tbot/infra/target/classes:/Users/nickbarban/.m2/repository/software/amazon/awscdk/aws-cdk-lib/2.96.2/aws-cdk-lib-2.96.2.jar:/Users/nickbarban/.m2/repository/software/amazon/awscdk/cdk-asset-awscli-v1/2.2.230/cdk-asset-awscli-v1-2.2.230.jar:/Users/nickbarban/.m2/repository/software/amazon/awscdk/cdk-asset-kubectl-v20/2.1.4/cdk-asset-kubectl-v20-2.1.4.jar:/Users/nickbarban/.m2/repository/software/amazon/awscdk/cdk-asset-node-proxy-agent-v6/2.1.0/cdk-asset-node-proxy-agent-v6-2.1.0.jar:/Users/nickbarban/.m2/repository/software/constructs/constructs/10.4.2/constructs-10.4.2.jar:/Users/nickbarban/.m2/repository/software/amazon/jsii/jsii-runtime/1.111.0/jsii-runtime-1.111.0.jar:/Users/nickbarban/.m2/repository/com/fasterxml/jackson/core/jackson-core/2.15.0/jackson-core-2.15.0.jar:/Users/nickbarban/.m2/repository/com/fasterxml/jackson/core/jackson-databind/2.15.0/jackson-databind-2.15.0.jar:/Users/nickbarban/.m2/repository/com/fasterxml/jackson/datatype/jackson-datatype-jsr310/2.15.0/jackson-datatype-jsr310-2.15.0.jar:/Users/nickbarban/.m2/repository/org/jetbrains/annotations/19.0.0/annotations-19.0.0.jar:/Users/nickbarban/.m2/repository/javax/annotation/javax.annotation-api/1.3.2/javax.annotation-api-1.3.2.jar:/Users/nickbarban/tutorspace/vocabulary-tbot/vocabulary-tbot/tbot/target/tbot-1.0-SNAPSHOT.jar:/Users/nickbarban/.m2/repository/io/micronaut/micronaut-runtime/3.10.1/micronaut-runtime-3.10.1.jar:/Users/nickbarban/.m2/repository/org/slf4j/slf4j-api/1.7.36/slf4j-api-1.7.36.jar:/Users/nickbarban/.m2/repository/io/micronaut/micronaut-http/3.10.1/micronaut-http-3.10.1.jar:/Users/nickbarban/.m2/repository/io/micronaut/micronaut-inject/3.10.1/micronaut-inject-3.10.1.jar:/Users/nickbarban/.m2/repository/jakarta/inject/jakarta.inject-api/2.0.1/jakarta.inject-api-2.0.1.jar:/Users/nickbarban/.m2/repository/jakarta/annotation/jakarta.annotation-api/2.1.1/jakarta.annotation-api-2.1.1.jar:/Users/nickbarban/.m2/repository/io/micronaut/micronaut-core/3.10.1/micronaut-core-3.10.1.jar:/Users/nickbarban/.m2/repository/org/yaml/snakeyaml/2.0/snakeyaml-2.0.jar:/Users/nickbarban/.m2/repository/io/micronaut/micronaut-aop/3.10.1/micronaut-aop-3.10.1.jar:/Users/nickbarban/.m2/repository/io/micronaut/micronaut-context/3.10.1/micronaut-context-3.10.1.jar:/Users/nickbarban/.m2/repository/io/micronaut/micronaut-core-reactive/3.10.1/micronaut-core-reactive-3.10.1.jar:/Users/nickbarban/.m2/repository/org/reactivestreams/reactive-streams/1.0.4/reactive-streams-1.0.4.jar:/Users/nickbarban/.m2/repository/io/micronaut/micronaut-jackson-databind/3.10.1/micronaut-jackson-databind-3.10.1.jar:/Users/nickbarban/.m2/repository/io/micronaut/micronaut-jackson-core/3.10.1/micronaut-jackson-core-3.10.1.jar:/Users/nickbarban/.m2/repository/io/micronaut/micronaut-json-core/3.10.1/micronaut-json-core-3.10.1.jar:/Users/nickbarban/.m2/repository/com/fasterxml/jackson/datatype/jackson-datatype-jdk8/2.15.0/jackson-datatype-jdk8-2.15.0.jar:/Users/nickbarban/.m2/repository/javax/validation/validation-api/2.0.1.Final/validation-api-2.0.1.Final.jar:/Users/nickbarban/.m2/repository/io/projectreactor/reactor-core/3.5.0/reactor-core-3.5.0.jar:/Users/nickbarban/.m2/repository/io/micronaut/aws/micronaut-function-aws/3.18.0/micronaut-function-aws-3.18.0.jar:/Users/nickbarban/.m2/repository/io/micronaut/micronaut-function/3.10.1/micronaut-function-3.10.1.jar:/Users/nickbarban/.m2/repository/io/micronaut/aws/micronaut-function-aws-api-proxy/3.10.1/micronaut-function-aws-api-proxy-3.10.1.jar:/Users/nickbarban/.m2/repository/io/micronaut/micronaut-http-server/3.10.1/micronaut-http-server-3.10.1.jar:/Users/nickbarban/.m2/repository/io/micronaut/micronaut-websocket/3.10.1/micronaut-websocket-3.10.1.jar:/Users/nickbarban/.m2/repository/io/micronaut/micronaut-http-client-core/3.10.1/micronaut-http-client-core-3.10.1.jar:/Users/nickbarban/.m2/repository/io/micronaut/micronaut-router/3.10.1/micronaut-router-3.10.1.jar:/Users/nickbarban/.m2/repository/com/amazonaws/serverless/aws-serverless-java-container-core/1.9.3/aws-serverless-java-container-core-1.9.3.jar:/Users/nickbarban/.m2/repository/javax/ws/rs/javax.ws.rs-api/2.1.1/javax.ws.rs-api-2.1.1.jar:/Users/nickbarban/.m2/repository/commons-fileupload/commons-fileupload/1.5/commons-fileupload-1.5.jar:/Users/nickbarban/.m2/repository/com/sun/activation/jakarta.activation/1.2.2/jakarta.activation-1.2.2.jar:/Users/nickbarban/.m2/repository/org/slf4j/jcl-over-slf4j/1.7.36/jcl-over-slf4j-1.7.36.jar:/Users/nickbarban/.m2/repository/io/micronaut/aws/micronaut-aws-common/3.18.0/micronaut-aws-common-3.18.0.jar:/Users/nickbarban/.m2/repository/io/micronaut/aws/micronaut-aws-sdk-v2/3.10.1/micronaut-aws-sdk-v2-3.10.1.jar:/Users/nickbarban/.m2/repository/io/micronaut/aws/micronaut-aws-ua/3.18.0/micronaut-aws-ua-3.18.0.jar:/Users/nickbarban/.m2/repository/software/amazon/awssdk/dynamodb/2.24.12/dynamodb-2.24.12.jar:/Users/nickbarban/.m2/repository/software/amazon/awssdk/aws-json-protocol/2.20.107/aws-json-protocol-2.20.107.jar:/Users/nickbarban/.m2/repository/software/amazon/awssdk/third-party-jackson-core/2.20.107/third-party-jackson-core-2.20.107.jar:/Users/nickbarban/.m2/repository/software/amazon/awssdk/protocol-core/2.20.107/protocol-core-2.20.107.jar:/Users/nickbarban/.m2/repository/software/amazon/awssdk/profiles/2.20.107/profiles-2.20.107.jar:/Users/nickbarban/.m2/repository/software/amazon/awssdk/http-auth-aws/2.24.12/http-auth-aws-2.24.12.jar:/Users/nickbarban/.m2/repository/software/amazon/awssdk/checksums-spi/2.24.12/checksums-spi-2.24.12.jar:/Users/nickbarban/.m2/repository/software/amazon/awssdk/checksums/2.24.12/checksums-2.24.12.jar:/Users/nickbarban/.m2/repository/software/amazon/awssdk/sdk-core/2.20.107/sdk-core-2.20.107.jar:/Users/nickbarban/.m2/repository/software/amazon/awssdk/auth/2.20.107/auth-2.20.107.jar:/Users/nickbarban/.m2/repository/software/amazon/eventstream/eventstream/1.0.1/eventstream-1.0.1.jar:/Users/nickbarban/.m2/repository/software/amazon/awssdk/http-auth-spi/2.24.12/http-auth-spi-2.24.12.jar:/Users/nickbarban/.m2/repository/software/amazon/awssdk/http-auth/2.24.12/http-auth-2.24.12.jar:/Users/nickbarban/.m2/repository/software/amazon/awssdk/identity-spi/2.24.12/identity-spi-2.24.12.jar:/Users/nickbarban/.m2/repository/software/amazon/awssdk/http-client-spi/2.20.107/http-client-spi-2.20.107.jar:/Users/nickbarban/.m2/repository/software/amazon/awssdk/regions/2.20.107/regions-2.20.107.jar:/Users/nickbarban/.m2/repository/software/amazon/awssdk/annotations/2.20.107/annotations-2.20.107.jar:/Users/nickbarban/.m2/repository/software/amazon/awssdk/utils/2.20.107/utils-2.20.107.jar:/Users/nickbarban/.m2/repository/software/amazon/awssdk/aws-core/2.20.107/aws-core-2.20.107.jar:/Users/nickbarban/.m2/repository/software/amazon/awssdk/metrics-spi/2.20.107/metrics-spi-2.20.107.jar:/Users/nickbarban/.m2/repository/software/amazon/awssdk/json-utils/2.20.107/json-utils-2.20.107.jar:/Users/nickbarban/.m2/repository/software/amazon/awssdk/endpoints-spi/2.24.12/endpoints-spi-2.24.12.jar:/Users/nickbarban/.m2/repository/software/amazon/awssdk/apache-client/2.20.107/apache-client-2.20.107.jar:/Users/nickbarban/.m2/repository/software/amazon/awssdk/netty-nio-client/2.20.107/netty-nio-client-2.20.107.jar:/Users/nickbarban/.m2/repository/io/netty/netty-codec-http/4.1.94.Final/netty-codec-http-4.1.94.Final.jar:/Users/nickbarban/.m2/repository/io/netty/netty-codec-http2/4.1.94.Final/netty-codec-http2-4.1.94.Final.jar:/Users/nickbarban/.m2/repository/io/netty/netty-codec/4.1.94.Final/netty-codec-4.1.94.Final.jar:/Users/nickbarban/.m2/repository/io/netty/netty-transport/4.1.94.Final/netty-transport-4.1.94.Final.jar:/Users/nickbarban/.m2/repository/io/netty/netty-common/4.1.94.Final/netty-common-4.1.94.Final.jar:/Users/nickbarban/.m2/repository/io/netty/netty-buffer/4.1.94.Final/netty-buffer-4.1.94.Final.jar:/Users/nickbarban/.m2/repository/io/netty/netty-handler/4.1.94.Final/netty-handler-4.1.94.Final.jar:/Users/nickbarban/.m2/repository/io/netty/netty-transport-native-unix-common/4.1.94.Final/netty-transport-native-unix-common-4.1.94.Final.jar:/Users/nickbarban/.m2/repository/io/netty/netty-transport-classes-epoll/4.1.94.Final/netty-transport-classes-epoll-4.1.94.Final.jar:/Users/nickbarban/.m2/repository/io/netty/netty-resolver/4.1.94.Final/netty-resolver-4.1.94.Final.jar:/Users/nickbarban/.m2/repository/com/amazonaws/aws-lambda-java-core/1.2.2/aws-lambda-java-core-1.2.2.jar:/Users/nickbarban/.m2/repository/com/amazonaws/aws-lambda-java-events/3.11.2/aws-lambda-java-events-3.11.2.jar:/Users/nickbarban/.m2/repository/joda-time/joda-time/2.10.8/joda-time-2.10.8.jar:/Users/nickbarban/.m2/repository/com/google/apis/google-api-services-translate/v2-rev20170525-2.0.0/google-api-services-translate-v2-rev20170525-2.0.0.jar:/Users/nickbarban/.m2/repository/com/google/api-client/google-api-client/2.2.0/google-api-client-2.2.0.jar:/Users/nickbarban/.m2/repository/commons-codec/commons-codec/1.15/commons-codec-1.15.jar:/Users/nickbarban/.m2/repository/com/google/oauth-client/google-oauth-client/1.34.1/google-oauth-client-1.34.1.jar:/Users/nickbarban/.m2/repository/com/google/http-client/google-http-client-gson/1.42.3/google-http-client-gson-1.42.3.jar:/Users/nickbarban/.m2/repository/com/google/code/gson/gson/2.10/gson-2.10.jar:/Users/nickbarban/.m2/repository/com/google/guava/guava/31.1-jre/guava-31.1-jre.jar:/Users/nickbarban/.m2/repository/com/google/guava/failureaccess/1.0.1/failureaccess-1.0.1.jar:/Users/nickbarban/.m2/repository/com/google/guava/listenablefuture/9999.0-empty-to-avoid-conflict-with-guava/listenablefuture-9999.0-empty-to-avoid-conflict-with-guava.jar:/Users/nickbarban/.m2/repository/com/google/code/findbugs/jsr305/3.0.2/jsr305-3.0.2.jar:/Users/nickbarban/.m2/repository/org/checkerframework/checker-qual/3.12.0/checker-qual-3.12.0.jar:/Users/nickbarban/.m2/repository/com/google/errorprone/error_prone_annotations/2.11.0/error_prone_annotations-2.11.0.jar:/Users/nickbarban/.m2/repository/com/google/j2objc/j2objc-annotations/1.3/j2objc-annotations-1.3.jar:/Users/nickbarban/.m2/repository/com/google/http-client/google-http-client-apache-v2/1.42.3/google-http-client-apache-v2-1.42.3.jar:/Users/nickbarban/.m2/repository/org/apache/httpcomponents/httpcore/4.4.16/httpcore-4.4.16.jar:/Users/nickbarban/.m2/repository/org/apache/httpcomponents/httpclient/4.5.14/httpclient-4.5.14.jar:/Users/nickbarban/.m2/repository/commons-logging/commons-logging/1.2/commons-logging-1.2.jar:/Users/nickbarban/.m2/repository/com/google/http-client/google-http-client/1.42.3/google-http-client-1.42.3.jar:/Users/nickbarban/.m2/repository/io/opencensus/opencensus-api/0.31.1/opencensus-api-0.31.1.jar:/Users/nickbarban/.m2/repository/io/grpc/grpc-context/1.54.0/grpc-context-1.54.0.jar:/Users/nickbarban/.m2/repository/io/opencensus/opencensus-contrib-http-util/0.31.1/opencensus-contrib-http-util-0.31.1.jar:/Users/nickbarban/.m2/repository/com/google/http-client/google-http-client-jackson2/1.42.1/google-http-client-jackson2-1.42.1.jar:/Users/nickbarban/.m2/repository/com/google/oauth-client/google-oauth-client-jetty/1.34.1/google-oauth-client-jetty-1.34.1.jar:/Users/nickbarban/.m2/repository/com/google/oauth-client/google-oauth-client-java6/1.34.1/google-oauth-client-java6-1.34.1.jar:/Users/nickbarban/.m2/repository/org/telegram/telegrambots/6.9.7.1/telegrambots-6.9.7.1.jar:/Users/nickbarban/.m2/repository/org/telegram/telegrambots-meta/6.9.7.1/telegrambots-meta-6.9.7.1.jar:/Users/nickbarban/.m2/repository/org/apache/commons/commons-lang3/3.14.0/commons-lang3-3.14.0.jar:/Users/nickbarban/.m2/repository/com/fasterxml/jackson/core/jackson-annotations/2.15.0/jackson-annotations-2.15.0.jar:/Users/nickbarban/.m2/repository/com/fasterxml/jackson/jaxrs/jackson-jaxrs-json-provider/2.15.0/jackson-jaxrs-json-provider-2.15.0.jar:/Users/nickbarban/.m2/repository/com/fasterxml/jackson/jaxrs/jackson-jaxrs-base/2.15.0/jackson-jaxrs-base-2.15.0.jar:/Users/nickbarban/.m2/repository/com/fasterxml/jackson/module/jackson-module-jaxb-annotations/2.15.0/jackson-module-jaxb-annotations-2.15.0.jar:/Users/nickbarban/.m2/repository/jakarta/xml/bind/jakarta.xml.bind-api/2.3.3/jakarta.xml.bind-api-2.3.3.jar:/Users/nickbarban/.m2/repository/org/glassfish/jersey/inject/jersey-hk2/2.41/jersey-hk2-2.41.jar:/Users/nickbarban/.m2/repository/org/glassfish/jersey/core/jersey-common/2.41/jersey-common-2.41.jar:/Users/nickbarban/.m2/repository/org/glassfish/hk2/osgi-resource-locator/1.0.3/osgi-resource-locator-1.0.3.jar:/Users/nickbarban/.m2/repository/org/glassfish/hk2/hk2-locator/2.6.1/hk2-locator-2.6.1.jar:/Users/nickbarban/.m2/repository/org/glassfish/hk2/external/aopalliance-repackaged/2.6.1/aopalliance-repackaged-2.6.1.jar:/Users/nickbarban/.m2/repository/org/glassfish/hk2/hk2-api/2.6.1/hk2-api-2.6.1.jar:/Users/nickbarban/.m2/repository/org/glassfish/hk2/hk2-utils/2.6.1/hk2-utils-2.6.1.jar:/Users/nickbarban/.m2/repository/org/javassist/javassist/3.29.2-GA/javassist-3.29.2-GA.jar:/Users/nickbarban/.m2/repository/org/glassfish/jersey/media/jersey-media-json-jackson/2.41/jersey-media-json-jackson-2.41.jar:/Users/nickbarban/.m2/repository/org/glassfish/jersey/ext/jersey-entity-filtering/2.41/jersey-entity-filtering-2.41.jar:/Users/nickbarban/.m2/repository/org/glassfish/jersey/containers/jersey-container-grizzly2-http/2.41/jersey-container-grizzly2-http-2.41.jar:/Users/nickbarban/.m2/repository/org/glassfish/hk2/external/jakarta.inject/2.6.1/jakarta.inject-2.6.1.jar:/Users/nickbarban/.m2/repository/org/glassfish/grizzly/grizzly-http-server/2.4.4/grizzly-http-server-2.4.4.jar:/Users/nickbarban/.m2/repository/org/glassfish/grizzly/grizzly-http/2.4.4/grizzly-http-2.4.4.jar:/Users/nickbarban/.m2/repository/org/glassfish/grizzly/grizzly-framework/2.4.4/grizzly-framework-2.4.4.jar:/Users/nickbarban/.m2/repository/jakarta/ws/rs/jakarta.ws.rs-api/2.1.6/jakarta.ws.rs-api-2.1.6.jar:/Users/nickbarban/.m2/repository/org/glassfish/jersey/core/jersey-server/2.41/jersey-server-2.41.jar:/Users/nickbarban/.m2/repository/org/glassfish/jersey/core/jersey-client/2.41/jersey-client-2.41.jar:/Users/nickbarban/.m2/repository/jakarta/validation/jakarta.validation-api/2.0.2/jakarta.validation-api-2.0.2.jar:/Users/nickbarban/.m2/repository/org/apache/httpcomponents/httpmime/4.5.14/httpmime-4.5.14.jar:/Users/nickbarban/.m2/repository/commons-io/commons-io/2.15.1/commons-io-2.15.1.jar:/Users/nickbarban/.m2/repository/org/junit/jupiter/junit-jupiter/5.10.1/junit-jupiter-5.10.1.jar:/Users/nickbarban/.m2/repository/org/junit/jupiter/junit-jupiter-api/5.9.1/junit-jupiter-api-5.9.1.jar:/Users/nickbarban/.m2/repository/org/opentest4j/opentest4j/1.2.0/opentest4j-1.2.0.jar:/Users/nickbarban/.m2/repository/org/junit/platform/junit-platform-commons/1.9.1/junit-platform-commons-1.9.1.jar:/Users/nickbarban/.m2/repository/org/apiguardian/apiguardian-api/1.1.2/apiguardian-api-1.1.2.jar:/Users/nickbarban/.m2/repository/org/junit/jupiter/junit-jupiter-params/5.9.1/junit-jupiter-params-5.9.1.jar:/Users/nickbarban/.m2/repository/org/junit/jupiter/junit-jupiter-engine/5.9.1/junit-jupiter-engine-5.9.1.jar:/Users/nickbarban/.m2/repository/org/junit/platform/junit-platform-engine/1.9.1/junit-platform-engine-1.9.1.jar:/Users/nickbarban/.m2/repository/org/mockito/mockito-core/5.10.0/mockito-core-5.10.0.jar:/Users/nickbarban/.m2/repository/net/bytebuddy/byte-buddy/1.14.11/byte-buddy-1.14.11.jar:/Users/nickbarban/.m2/repository/net/bytebuddy/byte-buddy-agent/1.14.11/byte-buddy-agent-1.14.11.jar:/Users/nickbarban/.m2/repository/org/objenesis/objenesis/3.3/objenesis-3.3.jar:/Users/nickbarban/.m2/repository/org/mockito/mockito-junit-jupiter/5.10.0/mockito-junit-jupiter-5.10.0.jar:"/>
    <property name="java.vm.vendor" value="Amazon.com Inc."/>
    <property name="sun.arch.data.model" value="64"/>
    <property name="java.vendor.url" value="https://aws.amazon.com/corretto/"/>
    <property name="user.timezone" value="Europe/Rome"/>
    <property name="os.name" value="Mac OS X"/>
    <property name="java.vm.specification.version" value="17"/>
    <property name="sun.java.launcher" value="SUN_STANDARD"/>
    <property name="user.country" value="UA"/>
    <property name="sun.boot.library.path" value="/Users/nickbarban/.sdkman/candidates/java/17.0.9-amzn/lib"/>
    <property name="sun.java.command" value="/Users/nickbarban/tutorspace/vocabulary-tbot/vocabulary-tbot/infra/target/surefire/surefirebooter-20250403231025568_7.jar /Users/nickbarban/tutorspace/vocabulary-tbot/vocabulary-tbot/infra/target/surefire 2025-04-03T23-10-19_528-jvmRun1 surefire-20250403231025568_5tmp surefire_1-20250403231025568_6tmp"/>
    <property name="http.nonProxyHosts" value="local|*.local|169.254/16|*.169.254/16"/>
    <property name="jdk.debug" value="release"/>
    <property name="surefire.test.class.path" value="/Users/nickbarban/tutorspace/vocabulary-tbot/vocabulary-tbot/infra/target/test-classes:/Users/nickbarban/tutorspace/vocabulary-tbot/vocabulary-tbot/infra/target/classes:/Users/nickbarban/.m2/repository/software/amazon/awscdk/aws-cdk-lib/2.96.2/aws-cdk-lib-2.96.2.jar:/Users/nickbarban/.m2/repository/software/amazon/awscdk/cdk-asset-awscli-v1/2.2.230/cdk-asset-awscli-v1-2.2.230.jar:/Users/nickbarban/.m2/repository/software/amazon/awscdk/cdk-asset-kubectl-v20/2.1.4/cdk-asset-kubectl-v20-2.1.4.jar:/Users/nickbarban/.m2/repository/software/amazon/awscdk/cdk-asset-node-proxy-agent-v6/2.1.0/cdk-asset-node-proxy-agent-v6-2.1.0.jar:/Users/nickbarban/.m2/repository/software/constructs/constructs/10.4.2/constructs-10.4.2.jar:/Users/nickbarban/.m2/repository/software/amazon/jsii/jsii-runtime/1.111.0/jsii-runtime-1.111.0.jar:/Users/nickbarban/.m2/repository/com/fasterxml/jackson/core/jackson-core/2.15.0/jackson-core-2.15.0.jar:/Users/nickbarban/.m2/repository/com/fasterxml/jackson/core/jackson-databind/2.15.0/jackson-databind-2.15.0.jar:/Users/nickbarban/.m2/repository/com/fasterxml/jackson/datatype/jackson-datatype-jsr310/2.15.0/jackson-datatype-jsr310-2.15.0.jar:/Users/nickbarban/.m2/repository/org/jetbrains/annotations/19.0.0/annotations-19.0.0.jar:/Users/nickbarban/.m2/repository/javax/annotation/javax.annotation-api/1.3.2/javax.annotation-api-1.3.2.jar:/Users/nickbarban/tutorspace/vocabulary-tbot/vocabulary-tbot/tbot/target/tbot-1.0-SNAPSHOT.jar:/Users/nickbarban/.m2/repository/io/micronaut/micronaut-runtime/3.10.1/micronaut-runtime-3.10.1.jar:/Users/nickbarban/.m2/repository/org/slf4j/slf4j-api/1.7.36/slf4j-api-1.7.36.jar:/Users/nickbarban/.m2/repository/io/micronaut/micronaut-http/3.10.1/micronaut-http-3.10.1.jar:/Users/nickbarban/.m2/repository/io/micronaut/micronaut-inject/3.10.1/micronaut-inject-3.10.1.jar:/Users/nickbarban/.m2/repository/jakarta/inject/jakarta.inject-api/2.0.1/jakarta.inject-api-2.0.1.jar:/Users/nickbarban/.m2/repository/jakarta/annotation/jakarta.annotation-api/2.1.1/jakarta.annotation-api-2.1.1.jar:/Users/nickbarban/.m2/repository/io/micronaut/micronaut-core/3.10.1/micronaut-core-3.10.1.jar:/Users/nickbarban/.m2/repository/org/yaml/snakeyaml/2.0/snakeyaml-2.0.jar:/Users/nickbarban/.m2/repository/io/micronaut/micronaut-aop/3.10.1/micronaut-aop-3.10.1.jar:/Users/nickbarban/.m2/repository/io/micronaut/micronaut-context/3.10.1/micronaut-context-3.10.1.jar:/Users/nickbarban/.m2/repository/io/micronaut/micronaut-core-reactive/3.10.1/micronaut-core-reactive-3.10.1.jar:/Users/nickbarban/.m2/repository/org/reactivestreams/reactive-streams/1.0.4/reactive-streams-1.0.4.jar:/Users/nickbarban/.m2/repository/io/micronaut/micronaut-jackson-databind/3.10.1/micronaut-jackson-databind-3.10.1.jar:/Users/nickbarban/.m2/repository/io/micronaut/micronaut-jackson-core/3.10.1/micronaut-jackson-core-3.10.1.jar:/Users/nickbarban/.m2/repository/io/micronaut/micronaut-json-core/3.10.1/micronaut-json-core-3.10.1.jar:/Users/nickbarban/.m2/repository/com/fasterxml/jackson/datatype/jackson-datatype-jdk8/2.15.0/jackson-datatype-jdk8-2.15.0.jar:/Users/nickbarban/.m2/repository/javax/validation/validation-api/2.0.1.Final/validation-api-2.0.1.Final.jar:/Users/nickbarban/.m2/repository/io/projectreactor/reactor-core/3.5.0/reactor-core-3.5.0.jar:/Users/nickbarban/.m2/repository/io/micronaut/aws/micronaut-function-aws/3.18.0/micronaut-function-aws-3.18.0.jar:/Users/nickbarban/.m2/repository/io/micronaut/micronaut-function/3.10.1/micronaut-function-3.10.1.jar:/Users/nickbarban/.m2/repository/io/micronaut/aws/micronaut-function-aws-api-proxy/3.10.1/micronaut-function-aws-api-proxy-3.10.1.jar:/Users/nickbarban/.m2/repository/io/micronaut/micronaut-http-server/3.10.1/micronaut-http-server-3.10.1.jar:/Users/nickbarban/.m2/repository/io/micronaut/micronaut-websocket/3.10.1/micronaut-websocket-3.10.1.jar:/Users/nickbarban/.m2/repository/io/micronaut/micronaut-http-client-core/3.10.1/micronaut-http-client-core-3.10.1.jar:/Users/nickbarban/.m2/repository/io/micronaut/micronaut-router/3.10.1/micronaut-router-3.10.1.jar:/Users/nickbarban/.m2/repository/com/amazonaws/serverless/aws-serverless-java-container-core/1.9.3/aws-serverless-java-container-core-1.9.3.jar:/Users/nickbarban/.m2/repository/javax/ws/rs/javax.ws.rs-api/2.1.1/javax.ws.rs-api-2.1.1.jar:/Users/nickbarban/.m2/repository/commons-fileupload/commons-fileupload/1.5/commons-fileupload-1.5.jar:/Users/nickbarban/.m2/repository/com/sun/activation/jakarta.activation/1.2.2/jakarta.activation-1.2.2.jar:/Users/nickbarban/.m2/repository/org/slf4j/jcl-over-slf4j/1.7.36/jcl-over-slf4j-1.7.36.jar:/Users/nickbarban/.m2/repository/io/micronaut/aws/micronaut-aws-common/3.18.0/micronaut-aws-common-3.18.0.jar:/Users/nickbarban/.m2/repository/io/micronaut/aws/micronaut-aws-sdk-v2/3.10.1/micronaut-aws-sdk-v2-3.10.1.jar:/Users/nickbarban/.m2/repository/io/micronaut/aws/micronaut-aws-ua/3.18.0/micronaut-aws-ua-3.18.0.jar:/Users/nickbarban/.m2/repository/software/amazon/awssdk/dynamodb/2.24.12/dynamodb-2.24.12.jar:/Users/nickbarban/.m2/repository/software/amazon/awssdk/aws-json-protocol/2.20.107/aws-json-protocol-2.20.107.jar:/Users/nickbarban/.m2/repository/software/amazon/awssdk/third-party-jackson-core/2.20.107/third-party-jackson-core-2.20.107.jar:/Users/nickbarban/.m2/repository/software/amazon/awssdk/protocol-core/2.20.107/protocol-core-2.20.107.jar:/Users/nickbarban/.m2/repository/software/amazon/awssdk/profiles/2.20.107/profiles-2.20.107.jar:/Users/nickbarban/.m2/repository/software/amazon/awssdk/http-auth-aws/2.24.12/http-auth-aws-2.24.12.jar:/Users/nickbarban/.m2/repository/software/amazon/awssdk/checksums-spi/2.24.12/checksums-spi-2.24.12.jar:/Users/nickbarban/.m2/repository/software/amazon/awssdk/checksums/2.24.12/checksums-2.24.12.jar:/Users/nickbarban/.m2/repository/software/amazon/awssdk/sdk-core/2.20.107/sdk-core-2.20.107.jar:/Users/nickbarban/.m2/repository/software/amazon/awssdk/auth/2.20.107/auth-2.20.107.jar:/Users/nickbarban/.m2/repository/software/amazon/eventstream/eventstream/1.0.1/eventstream-1.0.1.jar:/Users/nickbarban/.m2/repository/software/amazon/awssdk/http-auth-spi/2.24.12/http-auth-spi-2.24.12.jar:/Users/nickbarban/.m2/repository/software/amazon/awssdk/http-auth/2.24.12/http-auth-2.24.12.jar:/Users/nickbarban/.m2/repository/software/amazon/awssdk/identity-spi/2.24.12/identity-spi-2.24.12.jar:/Users/nickbarban/.m2/repository/software/amazon/awssdk/http-client-spi/2.20.107/http-client-spi-2.20.107.jar:/Users/nickbarban/.m2/repository/software/amazon/awssdk/regions/2.20.107/regions-2.20.107.jar:/Users/nickbarban/.m2/repository/software/amazon/awssdk/annotations/2.20.107/annotations-2.20.107.jar:/Users/nickbarban/.m2/repository/software/amazon/awssdk/utils/2.20.107/utils-2.20.107.jar:/Users/nickbarban/.m2/repository/software/amazon/awssdk/aws-core/2.20.107/aws-core-2.20.107.jar:/Users/nickbarban/.m2/repository/software/amazon/awssdk/metrics-spi/2.20.107/metrics-spi-2.20.107.jar:/Users/nickbarban/.m2/repository/software/amazon/awssdk/json-utils/2.20.107/json-utils-2.20.107.jar:/Users/nickbarban/.m2/repository/software/amazon/awssdk/endpoints-spi/2.24.12/endpoints-spi-2.24.12.jar:/Users/nickbarban/.m2/repository/software/amazon/awssdk/apache-client/2.20.107/apache-client-2.20.107.jar:/Users/nickbarban/.m2/repository/software/amazon/awssdk/netty-nio-client/2.20.107/netty-nio-client-2.20.107.jar:/Users/nickbarban/.m2/repository/io/netty/netty-codec-http/4.1.94.Final/netty-codec-http-4.1.94.Final.jar:/Users/nickbarban/.m2/repository/io/netty/netty-codec-http2/4.1.94.Final/netty-codec-http2-4.1.94.Final.jar:/Users/nickbarban/.m2/repository/io/netty/netty-codec/4.1.94.Final/netty-codec-4.1.94.Final.jar:/Users/nickbarban/.m2/repository/io/netty/netty-transport/4.1.94.Final/netty-transport-4.1.94.Final.jar:/Users/nickbarban/.m2/repository/io/netty/netty-common/4.1.94.Final/netty-common-4.1.94.Final.jar:/Users/nickbarban/.m2/repository/io/netty/netty-buffer/4.1.94.Final/netty-buffer-4.1.94.Final.jar:/Users/nickbarban/.m2/repository/io/netty/netty-handler/4.1.94.Final/netty-handler-4.1.94.Final.jar:/Users/nickbarban/.m2/repository/io/netty/netty-transport-native-unix-common/4.1.94.Final/netty-transport-native-unix-common-4.1.94.Final.jar:/Users/nickbarban/.m2/repository/io/netty/netty-transport-classes-epoll/4.1.94.Final/netty-transport-classes-epoll-4.1.94.Final.jar:/Users/nickbarban/.m2/repository/io/netty/netty-resolver/4.1.94.Final/netty-resolver-4.1.94.Final.jar:/Users/nickbarban/.m2/repository/com/amazonaws/aws-lambda-java-core/1.2.2/aws-lambda-java-core-1.2.2.jar:/Users/nickbarban/.m2/repository/com/amazonaws/aws-lambda-java-events/3.11.2/aws-lambda-java-events-3.11.2.jar:/Users/nickbarban/.m2/repository/joda-time/joda-time/2.10.8/joda-time-2.10.8.jar:/Users/nickbarban/.m2/repository/com/google/apis/google-api-services-translate/v2-rev20170525-2.0.0/google-api-services-translate-v2-rev20170525-2.0.0.jar:/Users/nickbarban/.m2/repository/com/google/api-client/google-api-client/2.2.0/google-api-client-2.2.0.jar:/Users/nickbarban/.m2/repository/commons-codec/commons-codec/1.15/commons-codec-1.15.jar:/Users/nickbarban/.m2/repository/com/google/oauth-client/google-oauth-client/1.34.1/google-oauth-client-1.34.1.jar:/Users/nickbarban/.m2/repository/com/google/http-client/google-http-client-gson/1.42.3/google-http-client-gson-1.42.3.jar:/Users/nickbarban/.m2/repository/com/google/code/gson/gson/2.10/gson-2.10.jar:/Users/nickbarban/.m2/repository/com/google/guava/guava/31.1-jre/guava-31.1-jre.jar:/Users/nickbarban/.m2/repository/com/google/guava/failureaccess/1.0.1/failureaccess-1.0.1.jar:/Users/nickbarban/.m2/repository/com/google/guava/listenablefuture/9999.0-empty-to-avoid-conflict-with-guava/listenablefuture-9999.0-empty-to-avoid-conflict-with-guava.jar:/Users/nickbarban/.m2/repository/com/google/code/findbugs/jsr305/3.0.2/jsr305-3.0.2.jar:/Users/nickbarban/.m2/repository/org/checkerframework/checker-qual/3.12.0/checker-qual-3.12.0.jar:/Users/nickbarban/.m2/repository/com/google/errorprone/error_prone_annotations/2.11.0/error_prone_annotations-2.11.0.jar:/Users/nickbarban/.m2/repository/com/google/j2objc/j2objc-annotations/1.3/j2objc-annotations-1.3.jar:/Users/nickbarban/.m2/repository/com/google/http-client/google-http-client-apache-v2/1.42.3/google-http-client-apache-v2-1.42.3.jar:/Users/nickbarban/.m2/repository/org/apache/httpcomponents/httpcore/4.4.16/httpcore-4.4.16.jar:/Users/nickbarban/.m2/repository/org/apache/httpcomponents/httpclient/4.5.14/httpclient-4.5.14.jar:/Users/nickbarban/.m2/repository/commons-logging/commons-logging/1.2/commons-logging-1.2.jar:/Users/nickbarban/.m2/repository/com/google/http-client/google-http-client/1.42.3/google-http-client-1.42.3.jar:/Users/nickbarban/.m2/repository/io/opencensus/opencensus-api/0.31.1/opencensus-api-0.31.1.jar:/Users/nickbarban/.m2/repository/io/grpc/grpc-context/1.54.0/grpc-context-1.54.0.jar:/Users/nickbarban/.m2/repository/io/opencensus/opencensus-contrib-http-util/0.31.1/opencensus-contrib-http-util-0.31.1.jar:/Users/nickbarban/.m2/repository/com/google/http-client/google-http-client-jackson2/1.42.1/google-http-client-jackson2-1.42.1.jar:/Users/nickbarban/.m2/repository/com/google/oauth-client/google-oauth-client-jetty/1.34.1/google-oauth-client-jetty-1.34.1.jar:/Users/nickbarban/.m2/repository/com/google/oauth-client/google-oauth-client-java6/1.34.1/google-oauth-client-java6-1.34.1.jar:/Users/nickbarban/.m2/repository/org/telegram/telegrambots/6.9.7.1/telegrambots-6.9.7.1.jar:/Users/nickbarban/.m2/repository/org/telegram/telegrambots-meta/6.9.7.1/telegrambots-meta-6.9.7.1.jar:/Users/nickbarban/.m2/repository/org/apache/commons/commons-lang3/3.14.0/commons-lang3-3.14.0.jar:/Users/nickbarban/.m2/repository/com/fasterxml/jackson/core/jackson-annotations/2.15.0/jackson-annotations-2.15.0.jar:/Users/nickbarban/.m2/repository/com/fasterxml/jackson/jaxrs/jackson-jaxrs-json-provider/2.15.0/jackson-jaxrs-json-provider-2.15.0.jar:/Users/nickbarban/.m2/repository/com/fasterxml/jackson/jaxrs/jackson-jaxrs-base/2.15.0/jackson-jaxrs-base-2.15.0.jar:/Users/nickbarban/.m2/repository/com/fasterxml/jackson/module/jackson-module-jaxb-annotations/2.15.0/jackson-module-jaxb-annotations-2.15.0.jar:/Users/nickbarban/.m2/repository/jakarta/xml/bind/jakarta.xml.bind-api/2.3.3/jakarta.xml.bind-api-2.3.3.jar:/Users/nickbarban/.m2/repository/org/glassfish/jersey/inject/jersey-hk2/2.41/jersey-hk2-2.41.jar:/Users/nickbarban/.m2/repository/org/glassfish/jersey/core/jersey-common/2.41/jersey-common-2.41.jar:/Users/nickbarban/.m2/repository/org/glassfish/hk2/osgi-resource-locator/1.0.3/osgi-resource-locator-1.0.3.jar:/Users/nickbarban/.m2/repository/org/glassfish/hk2/hk2-locator/2.6.1/hk2-locator-2.6.1.jar:/Users/nickbarban/.m2/repository/org/glassfish/hk2/external/aopalliance-repackaged/2.6.1/aopalliance-repackaged-2.6.1.jar:/Users/nickbarban/.m2/repository/org/glassfish/hk2/hk2-api/2.6.1/hk2-api-2.6.1.jar:/Users/nickbarban/.m2/repository/org/glassfish/hk2/hk2-utils/2.6.1/hk2-utils-2.6.1.jar:/Users/nickbarban/.m2/repository/org/javassist/javassist/3.29.2-GA/javassist-3.29.2-GA.jar:/Users/nickbarban/.m2/repository/org/glassfish/jersey/media/jersey-media-json-jackson/2.41/jersey-media-json-jackson-2.41.jar:/Users/nickbarban/.m2/repository/org/glassfish/jersey/ext/jersey-entity-filtering/2.41/jersey-entity-filtering-2.41.jar:/Users/nickbarban/.m2/repository/org/glassfish/jersey/containers/jersey-container-grizzly2-http/2.41/jersey-container-grizzly2-http-2.41.jar:/Users/nickbarban/.m2/repository/org/glassfish/hk2/external/jakarta.inject/2.6.1/jakarta.inject-2.6.1.jar:/Users/nickbarban/.m2/repository/org/glassfish/grizzly/grizzly-http-server/2.4.4/grizzly-http-server-2.4.4.jar:/Users/nickbarban/.m2/repository/org/glassfish/grizzly/grizzly-http/2.4.4/grizzly-http-2.4.4.jar:/Users/nickbarban/.m2/repository/org/glassfish/grizzly/grizzly-framework/2.4.4/grizzly-framework-2.4.4.jar:/Users/nickbarban/.m2/repository/jakarta/ws/rs/jakarta.ws.rs-api/2.1.6/jakarta.ws.rs-api-2.1.6.jar:/Users/nickbarban/.m2/repository/org/glassfish/jersey/core/jersey-server/2.41/jersey-server-2.41.jar:/Users/nickbarban/.m2/repository/org/glassfish/jersey/core/jersey-client/2.41/jersey-client-2.41.jar:/Users/nickbarban/.m2/repository/jakarta/validation/jakarta.validation-api/2.0.2/jakarta.validation-api-2.0.2.jar:/Users/nickbarban/.m2/repository/org/apache/httpcomponents/httpmime/4.5.14/httpmime-4.5.14.jar:/Users/nickbarban/.m2/repository/commons-io/commons-io/2.15.1/commons-io-2.15.1.jar:/Users/nickbarban/.m2/repository/org/junit/jupiter/junit-jupiter/5.10.1/junit-jupiter-5.10.1.jar:/Users/nickbarban/.m2/repository/org/junit/jupiter/junit-jupiter-api/5.9.1/junit-jupiter-api-5.9.1.jar:/Users/nickbarban/.m2/repository/org/opentest4j/opentest4j/1.2.0/opentest4j-1.2.0.jar:/Users/nickbarban/.m2/repository/org/junit/platform/junit-platform-commons/1.9.1/junit-platform-commons-1.9.1.jar:/Users/nickbarban/.m2/repository/org/apiguardian/apiguardian-api/1.1.2/apiguardian-api-1.1.2.jar:/Users/nickbarban/.m2/repository/org/junit/jupiter/junit-jupiter-params/5.9.1/junit-jupiter-params-5.9.1.jar:/Users/nickbarban/.m2/repository/org/junit/jupiter/junit-jupiter-engine/5.9.1/junit-jupiter-engine-5.9.1.jar:/Users/nickbarban/.m2/repository/org/junit/platform/junit-platform-engine/1.9.1/junit-platform-engine-1.9.1.jar:/Users/nickbarban/.m2/repository/org/mockito/mockito-core/5.10.0/mockito-core-5.10.0.jar:/Users/nickbarban/.m2/repository/net/bytebuddy/byte-buddy/1.14.11/byte-buddy-1.14.11.jar:/Users/nickbarban/.m2/repository/net/bytebuddy/byte-buddy-agent/1.14.11/byte-buddy-agent-1.14.11.jar:/Users/nickbarban/.m2/repository/org/objenesis/objenesis/3.3/objenesis-3.3.jar:/Users/nickbarban/.m2/repository/org/mockito/mockito-junit-jupiter/5.10.0/mockito-junit-jupiter-5.10.0.jar:"/>
    <property name="sun.cpu.endian" value="little"/>
    <property name="GOOGLE_CLIENT_ID" value="test-client-id"/>
    <property name="user.home" value="/Users/nickbarban"/>
    <property name="user.language" value="en"/>
    <property name="java.specification.vendor" value="Oracle Corporation"/>
    <property name="java.version.date" value="2023-10-17"/>
    <property name="java.home" value="/Users/nickbarban/.sdkman/candidates/java/17.0.9-amzn"/>
    <property name="file.separator" value="/"/>
    <property name="basedir" value="/Users/nickbarban/tutorspace/vocabulary-tbot/vocabulary-tbot/infra"/>
    <property name="java.vm.compressedOopsMode" value="Zero based"/>
    <property name="line.separator" value="&#10;"/>
    <property name="java.vm.specification.vendor" value="Oracle Corporation"/>
    <property name="java.specification.name" value="Java Platform API Specification"/>
    <property name="surefire.real.class.path" value="/Users/nickbarban/tutorspace/vocabulary-tbot/vocabulary-tbot/infra/target/surefire/surefirebooter-20250403231025568_7.jar"/>
    <property name="TELEGRAM_BOT_TOKEN" value="test-token"/>
    <property name="sun.management.compiler" value="HotSpot 64-Bit Tiered Compilers"/>
    <property name="ftp.nonProxyHosts" value="local|*.local|169.254/16|*.169.254/16"/>
    <property name="lambda.jar.path" value="/var/folders/y_/myrth6r92wn1gdhftk5pwv4h0000gn/T/junit3594388905159141956/vocabulary-tbot-1.0-SNAPSHOT.jar"/>
    <property name="java.runtime.version" value="17.0.9+8-LTS"/>
    <property name="user.name" value="nickbarban"/>
    <property name="path.separator" value=":"/>
    <property name="os.version" value="15.3.1"/>
    <property name="java.runtime.name" value="OpenJDK Runtime Environment"/>
    <property name="file.encoding" value="US-ASCII"/>
    <property name="java.vm.name" value="OpenJDK 64-Bit Server VM"/>
    <property name="java.vendor.version" value="Corretto-17.0.9.8.1"/>
    <property name="localRepository" value="/Users/nickbarban/.m2/repository"/>
    <property name="java.vendor.url.bug" value="https://github.com/corretto/corretto-17/issues/"/>
    <property name="java.io.tmpdir" value="/var/folders/y_/myrth6r92wn1gdhftk5pwv4h0000gn/T/"/>
    <property name="java.version" value="17.0.9"/>
    <property name="user.dir" value="/Users/nickbarban/tutorspace/vocabulary-tbot/vocabulary-tbot/infra"/>
    <property name="os.arch" value="aarch64"/>
    <property name="java.vm.specification.name" value="Java Virtual Machine Specification"/>
    <property name="native.encoding" value="US-ASCII"/>
    <property name="java.library.path" value="/Users/nickbarban/Library/Java/Extensions:/Library/Java/Extensions:/Network/Library/Java/Extensions:/System/Library/Java/Extensions:/usr/lib/java:."/>
    <property name="java.vm.info" value="mixed mode, sharing"/>
    <property name="java.vendor" value="Amazon.com Inc."/>
    <property name="java.vm.version" value="17.0.9+8-LTS"/>
    <property name="sun.io.unicode.encoding" value="UnicodeBig"/>
    <property name="socksNonProxyHosts" value="local|*.local|169.254/16|*.169.254/16"/>
    <property name="java.class.version" value="61.0"/>
  </properties>
  <testcase name="testStackCreation" classname="com.nb.vocabularytbot.VocabularyBotStackTest" time="1.609">
    <system-out><![CDATA[Template: {Resources={VocabularyTable09137259={Type=AWS::DynamoDB::Table, Properties={AttributeDefinitions=[{AttributeName=chatId, AttributeType=S}, {AttributeName=word, AttributeType=S}], BillingMode=PAY_PER_REQUEST, KeySchema=[{AttributeName=chatId, KeyType=HASH}, {AttributeName=word, KeyType=RANGE}], PointInTimeRecoverySpecification={PointInTimeRecoveryEnabled=true}}, UpdateReplacePolicy=Delete, DeletionPolicy=Delete}, VocabularyBotFunctionServiceRole9CD5D8AC={Type=AWS::IAM::Role, Properties={AssumeRolePolicyDocument={Statement=[{Action=sts:AssumeRole, Effect=Allow, Principal={Service=lambda.amazonaws.com}}], Version=2012-10-17}, ManagedPolicyArns=[{Fn::Join=[, [arn:, {Ref=AWS::Partition}, :iam::aws:policy/service-role/AWSLambdaBasicExecutionRole]]}]}}, VocabularyBotFunctionServiceRoleDefaultPolicy04F13AAF={Type=AWS::IAM::Policy, Properties={PolicyDocument={Statement=[{Action=[dynamodb:BatchGetItem, dynamodb:GetRecords, dynamodb:GetShardIterator, dynamodb:Query, dynamodb:GetItem, dynamodb:Scan, dynamodb:ConditionCheckItem, dynamodb:BatchWriteItem, dynamodb:PutItem, dynamodb:UpdateItem, dynamodb:DeleteItem, dynamodb:DescribeTable], Effect=Allow, Resource=[{Fn::GetAtt=[VocabularyTable09137259, Arn]}, {Ref=AWS::NoValue}]}], Version=2012-10-17}, PolicyName=VocabularyBotFunctionServiceRoleDefaultPolicy04F13AAF, Roles=[{Ref=VocabularyBotFunctionServiceRole9CD5D8AC}]}}, VocabularyBotFunction5A3AA3E1={Type=AWS::Lambda::Function, Properties={Code={S3Bucket={Fn::Sub=cdk-hnb659fds-assets-${AWS::AccountId}-${AWS::Region}}, S3Key=1aeb67fd49685bfb62f2cc3d947528a2ba7f905208ef4912cfef1e76da9069d1.jar}, Environment={Variables={WORDS_PER_DAY=5, GOOGLE_CLIENT_SECRET=test-client-secret, TELEGRAM_BOT_TOKEN=test-token, SCHEDULE_CRON=0 9 * * ? *, GOOGLE_CLIENT_ID=test-client-id}}, Handler=com.tutorspace.vocabularytbot.handler.LambdaHandler, MemorySize=512, Role={Fn::GetAtt=[VocabularyBotFunctionServiceRole9CD5D8AC, Arn]}, Runtime=java17, Timeout=30}, DependsOn=[VocabularyBotFunctionServiceRoleDefaultPolicy04F13AAF, VocabularyBotFunctionServiceRole9CD5D8AC]}, VocabularyBotFunctionLogRetention03D096C5={Type=Custom::LogRetention, Properties={ServiceToken={Fn::GetAtt=[LogRetentionaae0aa3c5b4d4f87b02d85b201efdd8aFD4BFC8A, Arn]}, LogGroupName={Fn::Join=[, [/aws/lambda/, {Ref=VocabularyBotFunction5A3AA3E1}]]}, RetentionInDays=7}}, LogRetentionaae0aa3c5b4d4f87b02d85b201efdd8aServiceRole9741ECFB={Type=AWS::IAM::Role, Properties={AssumeRolePolicyDocument={Statement=[{Action=sts:AssumeRole, Effect=Allow, Principal={Service=lambda.amazonaws.com}}], Version=2012-10-17}, ManagedPolicyArns=[{Fn::Join=[, [arn:, {Ref=AWS::Partition}, :iam::aws:policy/service-role/AWSLambdaBasicExecutionRole]]}]}}, LogRetentionaae0aa3c5b4d4f87b02d85b201efdd8aServiceRoleDefaultPolicyADDA7DEB={Type=AWS::IAM::Policy, Properties={PolicyDocument={Statement=[{Action=[logs:PutRetentionPolicy, logs:DeleteRetentionPolicy], Effect=Allow, Resource=*}], Version=2012-10-17}, PolicyName=LogRetentionaae0aa3c5b4d4f87b02d85b201efdd8aServiceRoleDefaultPolicyADDA7DEB, Roles=[{Ref=LogRetentionaae0aa3c5b4d4f87b02d85b201efdd8aServiceRole9741ECFB}]}}, LogRetentionaae0aa3c5b4d4f87b02d85b201efdd8aFD4BFC8A={Type=AWS::Lambda::Function, Properties={Handler=index.handler, Runtime=nodejs18.x, Timeout=900, Code={S3Bucket={Fn::Sub=cdk-hnb659fds-assets-${AWS::AccountId}-${AWS::Region}}, S3Key=5bc602ecde93c947efe5899ae355f999986a1acbe610b1c0b9c468d738857555.zip}, Role={Fn::GetAtt=[LogRetentionaae0aa3c5b4d4f87b02d85b201efdd8aServiceRole9741ECFB, Arn]}}, DependsOn=[LogRetentionaae0aa3c5b4d4f87b02d85b201efdd8aServiceRoleDefaultPolicyADDA7DEB, LogRetentionaae0aa3c5b4d4f87b02d85b201efdd8aServiceRole9741ECFB]}, VocabularyBotApiB71F81B3={Type=AWS::ApiGateway::RestApi, Properties={Description=API for VocabularyBot Telegram integration, Name=VocabularyBot API}}, VocabularyBotApiCloudWatchRole4B59F819={Type=AWS::IAM::Role, Properties={AssumeRolePolicyDocument={Statement=[{Action=sts:AssumeRole, Effect=Allow, Principal={Service=apigateway.amazonaws.com}}], Version=2012-10-17}, ManagedPolicyArns=[{Fn::Join=[, [arn:, {Ref=AWS::Partition}, :iam::aws:policy/service-role/AmazonAPIGatewayPushToCloudWatchLogs]]}]}, UpdateReplacePolicy=Retain, DeletionPolicy=Retain}, VocabularyBotApiAccount168A370C={Type=AWS::ApiGateway::Account, Properties={CloudWatchRoleArn={Fn::GetAtt=[VocabularyBotApiCloudWatchRole4B59F819, Arn]}}, DependsOn=[VocabularyBotApiB71F81B3], UpdateReplacePolicy=Retain, DeletionPolicy=Retain}, VocabularyBotApiDeploymentFB190F2Ee7aa492034a3ec1a94e328893adeeabd={Type=AWS::ApiGateway::Deployment, Properties={Description=API for VocabularyBot Telegram integration, RestApiId={Ref=VocabularyBotApiB71F81B3}}, DependsOn=[VocabularyBotApiPOSTCDB0A878]}, VocabularyBotApiDeploymentStageprod0B9C76DC={Type=AWS::ApiGateway::Stage, Properties={DeploymentId={Ref=VocabularyBotApiDeploymentFB190F2Ee7aa492034a3ec1a94e328893adeeabd}, RestApiId={Ref=VocabularyBotApiB71F81B3}, StageName=prod}, DependsOn=[VocabularyBotApiAccount168A370C]}, VocabularyBotApiPOSTApiPermissionTestStackVocabularyBotApiB91942F6POST09B3B27A={Type=AWS::Lambda::Permission, Properties={Action=lambda:InvokeFunction, FunctionName={Fn::GetAtt=[VocabularyBotFunction5A3AA3E1, Arn]}, Principal=apigateway.amazonaws.com, SourceArn={Fn::Join=[, [arn:, {Ref=AWS::Partition}, :execute-api:, {Ref=AWS::Region}, :, {Ref=AWS::AccountId}, :, {Ref=VocabularyBotApiB71F81B3}, /, {Ref=VocabularyBotApiDeploymentStageprod0B9C76DC}, /POST/]]}}}, VocabularyBotApiPOSTApiPermissionTestTestStackVocabularyBotApiB91942F6POSTD4AC6A92={Type=AWS::Lambda::Permission, Properties={Action=lambda:InvokeFunction, FunctionName={Fn::GetAtt=[VocabularyBotFunction5A3AA3E1, Arn]}, Principal=apigateway.amazonaws.com, SourceArn={Fn::Join=[, [arn:, {Ref=AWS::Partition}, :execute-api:, {Ref=AWS::Region}, :, {Ref=AWS::AccountId}, :, {Ref=VocabularyBotApiB71F81B3}, /test-invoke-stage/POST/]]}}}, VocabularyBotApiPOSTCDB0A878={Type=AWS::ApiGateway::Method, Properties={AuthorizationType=NONE, HttpMethod=POST, Integration={IntegrationHttpMethod=POST, Type=AWS_PROXY, Uri={Fn::Join=[, [arn:, {Ref=AWS::Partition}, :apigateway:, {Ref=AWS::Region}, :lambda:path/2015-03-31/functions/, {Fn::GetAtt=[VocabularyBotFunction5A3AA3E1, Arn]}, /invocations]]}}, ResourceId={Fn::GetAtt=[VocabularyBotApiB71F81B3, RootResourceId]}, RestApiId={Ref=VocabularyBotApiB71F81B3}}}, ScheduledVocabularyRule0214C765={Type=AWS::Events::Rule, Properties={ScheduleExpression=cron(0 9 * * ? *), State=ENABLED, Targets=[{Arn={Fn::GetAtt=[VocabularyBotFunction5A3AA3E1, Arn]}, Id=Target0}]}}, ScheduledVocabularyRuleAllowEventRuleTestStackVocabularyBotFunction0F33A42B55C0EACD={Type=AWS::Lambda::Permission, Properties={Action=lambda:InvokeFunction, FunctionName={Fn::GetAtt=[VocabularyBotFunction5A3AA3E1, Arn]}, Principal=events.amazonaws.com, SourceArn={Fn::GetAtt=[ScheduledVocabularyRule0214C765, Arn]}}}}, Outputs={VocabularyBotApiEndpoint4A84D791={Value={Fn::Join=[, [https://, {Ref=VocabularyBotApiB71F81B3}, .execute-api., {Ref=AWS::Region}, ., {Ref=AWS::URLSuffix}, /, {Ref=VocabularyBotApiDeploymentStageprod0B9C76DC}, /]]}}, ApiUrl={Description=API Gateway URL, Value={Fn::Join=[, [https://, {Ref=VocabularyBotApiB71F81B3}, .execute-api., {Ref=AWS::Region}, ., {Ref=AWS::URLSuffix}, /, {Ref=VocabularyBotApiDeploymentStageprod0B9C76DC}, /]]}}}, Parameters={BootstrapVersion={Type=AWS::SSM::Parameter::Value<String>, Default=/cdk-bootstrap/hnb659fds/version, Description=Version of the CDK Bootstrap resources in this environment, automatically retrieved from SSM Parameter Store. [cdk:skip]}}, Rules={CheckBootstrapVersion={Assertions=[{Assert={Fn::Not=[{Fn::Contains=[[1, 2, 3, 4, 5], {Ref=BootstrapVersion}]}]}, AssertDescription=CDK bootstrap stack version 6 required. Please run 'cdk bootstrap' with a recent version of the CDK CLI.}]}}}
]]></system-out>
  </testcase>
</testsuite>